▼ 18時01分37秒 のエラーメッセージ

----------

error : Non-static method SSLUtil::sessionLocation() cannot be called statically
on    : /home/xs252061/try-job.com/public_html/medical.try-job.com/include/extends/SSLUtil.php 103
trace : 
[error point]
↑
SSLUtil::scheme_check(  )
		 ... on : /home/xs252061/try-job.com/public_html/medical.try-job.com/include/extends/SSLUtil.php 33
↑
SSLUtil::ssl_check(  )
		 ... on : /home/xs252061/try-job.com/public_html/medical.try-job.com/custom/head_main.php 198
↑
include_once( '/home/xs252061/try-job.com/public_html/medical.try-job.com/custom/head_main.php' )
		 ... on : /home/xs252061/try-job.com/public_html/medical.try-job.com/index.php 11

----------

▼リクエスト内容

----------

User IP                    ... 139.59.85.16
User Agent                 ... Mozilla/5.0 (X11; Linux x86_64) AppleWebKit/537.36 (KHTML, like Gecko) Chrome/137.0.0.0 Safari/537.36
Request URI                ... /
Working Directory(init)    ... /home/xs252061/try-job.com/public_html/medical.try-job.com
Working Directory(current) ... /home/xs252061/try-job.com/public_html/medical.try-job.com

----------

GET     ... a:0:{}
POST    ... a:0:{}
SESSION ... a:1:{s:3:"jc2";s:3:"mid";}
COOKIE  ... a:0:{}

-----------------------------------------------------

▼ 20時16分51秒 のエラーメッセージ

----------

error : Non-static method SSLUtil::sessionLocation() cannot be called statically
on    : /home/xs252061/try-job.com/public_html/medical.try-job.com/include/extends/SSLUtil.php 103
trace : 
[error point]
↑
SSLUtil::scheme_check(  )
		 ... on : /home/xs252061/try-job.com/public_html/medical.try-job.com/include/extends/SSLUtil.php 33
↑
SSLUtil::ssl_check(  )
		 ... on : /home/xs252061/try-job.com/public_html/medical.try-job.com/custom/head_main.php 198
↑
include_once( '/home/xs252061/try-job.com/public_html/medical.try-job.com/custom/head_main.php' )
		 ... on : /home/xs252061/try-job.com/public_html/medical.try-job.com/index.php 11

----------

▼リクエスト内容

----------

User IP                    ... 44.202.35.195
User Agent                 ... Mozilla/5.0 (Windows NT 10.0; Win64; x64) AppleWebKit/537.36 (KHTML, like Gecko) Chrome/104.0.0.0 Safari/537.36
Request URI                ... /
Working Directory(init)    ... /home/xs252061/try-job.com/public_html/medical.try-job.com
Working Directory(current) ... /home/xs252061/try-job.com/public_html/medical.try-job.com

----------

GET     ... a:0:{}
POST    ... a:0:{}
SESSION ... a:1:{s:3:"jc2";s:3:"mid";}
COOKIE  ... a:0:{}

-----------------------------------------------------

▼ 02時24分09秒 のエラーメッセージ

----------

error : Non-static method SSLUtil::sessionLocation() cannot be called statically
on    : /home/xs252061/try-job.com/public_html/medical.try-job.com/include/extends/SSLUtil.php 103
trace : 
[error point]
↑
SSLUtil::scheme_check(  )
		 ... on : /home/xs252061/try-job.com/public_html/medical.try-job.com/include/extends/SSLUtil.php 33
↑
SSLUtil::ssl_check(  )
		 ... on : /home/xs252061/try-job.com/public_html/medical.try-job.com/custom/head_main.php 198
↑
include_once( '/home/xs252061/try-job.com/public_html/medical.try-job.com/custom/head_main.php' )
		 ... on : /home/xs252061/try-job.com/public_html/medical.try-job.com/index.php 11

----------

▼リクエスト内容

----------

User IP                    ... 34.172.46.82
User Agent                 ... Mozilla/5.0 (compatible; CMS-Checker/1.0; +https://example.com)
Request URI                ... /
Working Directory(init)    ... /home/xs252061/try-job.com/public_html/medical.try-job.com
Working Directory(current) ... /home/xs252061/try-job.com/public_html/medical.try-job.com

----------

GET     ... a:0:{}
POST    ... a:0:{}
SESSION ... a:1:{s:3:"jc2";s:3:"mid";}
COOKIE  ... a:0:{}

-----------------------------------------------------

▼ 09時25分48秒 のエラーメッセージ

----------

error : Non-static method SSLUtil::sessionLocation() cannot be called statically
on    : /home/xs252061/try-job.com/public_html/medical.try-job.com/include/extends/SSLUtil.php 103
trace : 
[error point]
↑
SSLUtil::scheme_check(  )
		 ... on : /home/xs252061/try-job.com/public_html/medical.try-job.com/include/extends/SSLUtil.php 33
↑
SSLUtil::ssl_check(  )
		 ... on : /home/xs252061/try-job.com/public_html/medical.try-job.com/custom/head_main.php 198
↑
include_once( '/home/xs252061/try-job.com/public_html/medical.try-job.com/custom/head_main.php' )
		 ... on : /home/xs252061/try-job.com/public_html/medical.try-job.com/index.php 11

----------

▼リクエスト内容

----------

User IP                    ... 185.247.137.99
User Agent                 ... Mozilla/5.0 (compatible; InternetMeasurement/1.0; +https://internet-measurement.com/)
Request URI                ... /
Working Directory(init)    ... /home/xs252061/try-job.com/public_html/medical.try-job.com
Working Directory(current) ... /home/xs252061/try-job.com/public_html/medical.try-job.com

----------

GET     ... a:0:{}
POST    ... a:0:{}
SESSION ... a:1:{s:3:"jc2";s:3:"mid";}
COOKIE  ... a:0:{}

-----------------------------------------------------

▼ 21時13分16秒 のエラーメッセージ

----------

error : Non-static method SSLUtil::sessionLocation() cannot be called statically
on    : /home/xs252061/try-job.com/public_html/medical.try-job.com/include/extends/SSLUtil.php 103
trace : 
[error point]
↑
SSLUtil::scheme_check(  )
		 ... on : /home/xs252061/try-job.com/public_html/medical.try-job.com/include/extends/SSLUtil.php 33
↑
SSLUtil::ssl_check(  )
		 ... on : /home/xs252061/try-job.com/public_html/medical.try-job.com/custom/head_main.php 198
↑
include_once( '/home/xs252061/try-job.com/public_html/medical.try-job.com/custom/head_main.php' )
		 ... on : /home/xs252061/try-job.com/public_html/medical.try-job.com/index.php 11

----------

▼リクエスト内容

----------

User IP                    ... 167.94.138.122
User Agent                 ... Mozilla/5.0 (compatible; CensysInspect/1.1; +https://about.censys.io/)
Request URI                ... /
Working Directory(init)    ... /home/xs252061/try-job.com/public_html/medical.try-job.com
Working Directory(current) ... /home/xs252061/try-job.com/public_html/medical.try-job.com

----------

GET     ... a:0:{}
POST    ... a:0:{}
SESSION ... a:1:{s:3:"jc2";s:3:"mid";}
COOKIE  ... a:0:{}

-----------------------------------------------------

▼ 03時07分54秒 のエラーメッセージ

----------

error : Non-static method SSLUtil::sessionLocation() cannot be called statically
on    : /home/xs252061/try-job.com/public_html/medical.try-job.com/include/extends/SSLUtil.php 103
trace : 
[error point]
↑
SSLUtil::scheme_check(  )
		 ... on : /home/xs252061/try-job.com/public_html/medical.try-job.com/include/extends/SSLUtil.php 33
↑
SSLUtil::ssl_check(  )
		 ... on : /home/xs252061/try-job.com/public_html/medical.try-job.com/custom/head_main.php 198
↑
include_once( '/home/xs252061/try-job.com/public_html/medical.try-job.com/custom/head_main.php' )
		 ... on : /home/xs252061/try-job.com/public_html/medical.try-job.com/index.php 11

----------

▼リクエスト内容

----------

User IP                    ... 185.177.72.57
User Agent                 ... Mozilla/5.0 (Windows NT 10.0; Win64; x64) AppleWebKit/537.36 (KHTML, like Gecko) Chrome/91.0.4472.124 Safari/537.36
Request URI                ... /
Working Directory(init)    ... /home/xs252061/try-job.com/public_html/medical.try-job.com
Working Directory(current) ... /home/xs252061/try-job.com/public_html/medical.try-job.com

----------

GET     ... a:0:{}
POST    ... a:0:{}
SESSION ... a:1:{s:3:"jc2";s:3:"mid";}
COOKIE  ... a:0:{}

-----------------------------------------------------

▼ 06時16分53秒 のエラーメッセージ

----------

error : Non-static method SSLUtil::sessionLocation() cannot be called statically
on    : /home/xs252061/try-job.com/public_html/medical.try-job.com/include/extends/SSLUtil.php 103
trace : 
[error point]
↑
SSLUtil::scheme_check(  )
		 ... on : /home/xs252061/try-job.com/public_html/medical.try-job.com/include/extends/SSLUtil.php 33
↑
SSLUtil::ssl_check(  )
		 ... on : /home/xs252061/try-job.com/public_html/medical.try-job.com/custom/head_main.php 198
↑
include_once( '/home/xs252061/try-job.com/public_html/medical.try-job.com/custom/head_main.php' )
		 ... on : /home/xs252061/try-job.com/public_html/medical.try-job.com/index.php 11

----------

▼リクエスト内容

----------

User IP                    ... 13.220.246.200
User Agent                 ... Mozilla/5.0 (Windows NT 10.0; Win64; x64) AppleWebKit/537.36 (KHTML, like Gecko) Chrome/104.0.0.0 Safari/537.36
Request URI                ... /
Working Directory(init)    ... /home/xs252061/try-job.com/public_html/medical.try-job.com
Working Directory(current) ... /home/xs252061/try-job.com/public_html/medical.try-job.com

----------

GET     ... a:0:{}
POST    ... a:0:{}
SESSION ... a:1:{s:3:"jc2";s:3:"mid";}
COOKIE  ... a:0:{}

-----------------------------------------------------

▼ 19時31分16秒 のエラーメッセージ

----------

error : Non-static method SSLUtil::sessionLocation() cannot be called statically
on    : /home/xs252061/try-job.com/public_html/medical.try-job.com/include/extends/SSLUtil.php 103
trace : 
[error point]
↑
SSLUtil::scheme_check(  )
		 ... on : /home/xs252061/try-job.com/public_html/medical.try-job.com/include/extends/SSLUtil.php 33
↑
SSLUtil::ssl_check(  )
		 ... on : /home/xs252061/try-job.com/public_html/medical.try-job.com/custom/head_main.php 198
↑
include_once( '/home/xs252061/try-job.com/public_html/medical.try-job.com/custom/head_main.php' )
		 ... on : /home/xs252061/try-job.com/public_html/medical.try-job.com/index.php 11

----------

▼リクエスト内容

----------

User IP                    ... 143.110.209.167
User Agent                 ... Mozilla/5.0 (X11; Linux x86_64) AppleWebKit/537.36 (KHTML, like Gecko) Chrome/139.0.0.0 Safari/537.36
Request URI                ... /
Working Directory(init)    ... /home/xs252061/try-job.com/public_html/medical.try-job.com
Working Directory(current) ... /home/xs252061/try-job.com/public_html/medical.try-job.com

----------

GET     ... a:0:{}
POST    ... a:0:{}
SESSION ... a:1:{s:3:"jc2";s:3:"mid";}
COOKIE  ... a:0:{}

-----------------------------------------------------

▼ 12時47分13秒 のエラーメッセージ

----------

error : pageのレコード編集権限がありません。[array(2)]
on    : /home/xs252061/try-job.com/public_html/medical.try-job.com/include/extends/Exception/ConceptBase.php 182
trace : 
[error point]
↑
ConceptBase::CreateExceptionObject( 'IllegalAccessException' , 'pageのレコード編集権限がありません。[array(2)]' )
		 ... on : /home/xs252061/try-job.com/public_html/medical.try-job.com/include/extends/Exception/ConceptBase.php 31
↑
ConceptBase::OrThrow( 'IllegalAccess' )
		 ... on : /home/xs252061/try-job.com/public_html/medical.try-job.com/include/mvc/edit/model.php 186
↑
AppEditModel::__construct(  )
		 ... on : /home/xs252061/try-job.com/public_html/medical.try-job.com/include/mvc/base/controller.php 32
↑
AppBaseController::__construct(  )
		 ... on : /home/xs252061/try-job.com/public_html/medical.try-job.com/include/mvc/edit/controller.php 94
↑
AppEditController::__construct(  )
		 ... on : /home/xs252061/try-job.com/public_html/medical.try-job.com/include/mvc/mvc.php 36
↑
MVC::Call( 'edit' , 'page' )
		 ... on : /home/xs252061/try-job.com/public_html/medical.try-job.com/index.php 13

----------

▼リクエスト内容

----------

User IP                    ... 126.65.153.100
User Agent                 ... Mozilla/5.0 (Macintosh; Intel Mac OS X 10_15_7) AppleWebKit/537.36 (KHTML, like Gecko) Chrome/139.0.0.0 Safari/537.36
Request URI                ... /index.php?app_controller=edit&type=page&id=P00002
Working Directory(init)    ... /home/xs252061/try-job.com/public_html/medical.try-job.com
Working Directory(current) ... /home/xs252061/try-job.com/public_html/medical.try-job.com

----------

GET     ... a:3:{s:14:"app_controller";s:4:"edit";s:4:"type";s:4:"page";s:2:"id";s:6:"P00002";}
POST    ... a:0:{}
SESSION ... a:14:{s:3:"jc2";s:3:"mid";s:0:"";s:32:"caad31c528463bcbddcb8ba9768ab522";s:18:"search_query_index";s:1:"2";s:17:"search_query_hash";a:2:{s:40:"0d66e76007870e9b1ff9a8fb1f7498400174955b";s:1:"0";s:40:"0d82c89ab632b0599c4685c592d43f8629dd6d32";s:1:"1";}s:12:"search_query";a:2:{i:0;a:6:{s:4:"type";s:7:"article";s:3:"run";s:4:"true";s:4:"mode";s:3:"top";s:7:"embedID";s:14:"article_simple";s:3:"num";s:1:"6";s:1:"q";s:1:"0";}i:1;a:7:{s:4:"type";s:7:"article";s:3:"run";s:4:"true";s:4:"mode";s:3:"top";s:7:"embedID";s:14:"article_simple";s:3:"num";s:1:"3";s:8:"category";s:10:"7aa03c3c18";s:1:"q";s:1:"1";}}s:18:"jc2__system_path__";s:1:"/";s:10:"jc2loginid";s:0:"";s:12:"jc2logintype";s:6:"nobody";s:11:"admin_count";s:12:"0/1755833946";s:51:"authenticity_token_a484fb5e7f992e6fe34dd9a5b18b7e29";s:32:"a484fb5e7f992e6fe34dd9a5b18b7e29";s:51:"authenticity_token_fa3979d3d2412db87188324ee5c0b3fd";s:32:"fa3979d3d2412db87188324ee5c0b3fd";s:51:"authenticity_token_f21e8774614c1f45c06d252c10f320ec";s:32:"f21e8774614c1f45c06d252c10f320ec";s:51:"authenticity_token_f0e11faf13f624711f0f227b91b470c1";s:32:"f0e11faf13f624711f0f227b91b470c1";s:10:"ADMIN_MODE";s:1:"1";}
COOKIE  ... a:1:{s:9:"PHPSESSID";s:32:"c38e454ed185e994d15c68945676975c";}

-----------------------------------------------------

▼ 13時22分22秒 のエラーメッセージ

----------

error : pageのレコード編集権限がありません。[array(2)]
on    : /home/xs252061/try-job.com/public_html/medical.try-job.com/include/extends/Exception/ConceptBase.php 182
trace : 
[error point]
↑
ConceptBase::CreateExceptionObject( 'IllegalAccessException' , 'pageのレコード編集権限がありません。[array(2)]' )
		 ... on : /home/xs252061/try-job.com/public_html/medical.try-job.com/include/extends/Exception/ConceptBase.php 31
↑
ConceptBase::OrThrow( 'IllegalAccess' )
		 ... on : /home/xs252061/try-job.com/public_html/medical.try-job.com/include/mvc/edit/model.php 186
↑
AppEditModel::__construct(  )
		 ... on : /home/xs252061/try-job.com/public_html/medical.try-job.com/include/mvc/base/controller.php 32
↑
AppBaseController::__construct(  )
		 ... on : /home/xs252061/try-job.com/public_html/medical.try-job.com/include/mvc/edit/controller.php 94
↑
AppEditController::__construct(  )
		 ... on : /home/xs252061/try-job.com/public_html/medical.try-job.com/include/mvc/mvc.php 36
↑
MVC::Call( 'edit' , 'page' )
		 ... on : /home/xs252061/try-job.com/public_html/medical.try-job.com/index.php 13

----------

▼リクエスト内容

----------

User IP                    ... 126.65.153.100
User Agent                 ... Mozilla/5.0 (Macintosh; Intel Mac OS X 10_15_7) AppleWebKit/537.36 (KHTML, like Gecko) Chrome/139.0.0.0 Safari/537.36
Request URI                ... /index.php?app_controller=edit&type=page&id=P00002
Working Directory(init)    ... /home/xs252061/try-job.com/public_html/medical.try-job.com
Working Directory(current) ... /home/xs252061/try-job.com/public_html/medical.try-job.com

----------

GET     ... a:3:{s:14:"app_controller";s:4:"edit";s:4:"type";s:4:"page";s:2:"id";s:6:"P00002";}
POST    ... a:0:{}
SESSION ... a:15:{s:3:"jc2";s:3:"mid";s:0:"";s:32:"caad31c528463bcbddcb8ba9768ab522";s:18:"search_query_index";s:1:"2";s:17:"search_query_hash";a:2:{s:40:"0d66e76007870e9b1ff9a8fb1f7498400174955b";s:1:"0";s:40:"0d82c89ab632b0599c4685c592d43f8629dd6d32";s:1:"1";}s:12:"search_query";a:2:{i:0;a:6:{s:4:"type";s:7:"article";s:3:"run";s:4:"true";s:4:"mode";s:3:"top";s:7:"embedID";s:14:"article_simple";s:3:"num";s:1:"6";s:1:"q";s:1:"0";}i:1;a:7:{s:4:"type";s:7:"article";s:3:"run";s:4:"true";s:4:"mode";s:3:"top";s:7:"embedID";s:14:"article_simple";s:3:"num";s:1:"3";s:8:"category";s:10:"7aa03c3c18";s:1:"q";s:1:"1";}}s:18:"jc2__system_path__";s:1:"/";s:10:"jc2loginid";s:0:"";s:12:"jc2logintype";s:6:"nobody";s:11:"admin_count";s:12:"0/1755833946";s:51:"authenticity_token_a484fb5e7f992e6fe34dd9a5b18b7e29";s:32:"a484fb5e7f992e6fe34dd9a5b18b7e29";s:51:"authenticity_token_fa3979d3d2412db87188324ee5c0b3fd";s:32:"fa3979d3d2412db87188324ee5c0b3fd";s:51:"authenticity_token_f21e8774614c1f45c06d252c10f320ec";s:32:"f21e8774614c1f45c06d252c10f320ec";s:51:"authenticity_token_f0e11faf13f624711f0f227b91b470c1";s:32:"f0e11faf13f624711f0f227b91b470c1";s:10:"ADMIN_MODE";s:1:"1";s:15:"firstToolAccess";s:1:"1";}
COOKIE  ... a:1:{s:9:"PHPSESSID";s:32:"c38e454ed185e994d15c68945676975c";}

-----------------------------------------------------

▼ 18時42分14秒 のエラーメッセージ

----------

error : Non-static method SSLUtil::sessionLocation() cannot be called statically
on    : /home/xs252061/try-job.com/public_html/medical.try-job.com/include/extends/SSLUtil.php 103
trace : 
[error point]
↑
SSLUtil::scheme_check(  )
		 ... on : /home/xs252061/try-job.com/public_html/medical.try-job.com/include/extends/SSLUtil.php 33
↑
SSLUtil::ssl_check(  )
		 ... on : /home/xs252061/try-job.com/public_html/medical.try-job.com/custom/head_main.php 198
↑
include_once( '/home/xs252061/try-job.com/public_html/medical.try-job.com/custom/head_main.php' )
		 ... on : /home/xs252061/try-job.com/public_html/medical.try-job.com/index.php 11

----------

▼リクエスト内容

----------

User IP                    ... 13.250.45.200
User Agent                 ... Mozilla/5.0 (Windows NT 10.0; Win64; x64) AppleWebKit/537.36 (KHTML, like Gecko) Chrome/78.0.3904.108 Safari/537.36
Request URI                ... /
Working Directory(init)    ... /home/xs252061/try-job.com/public_html/medical.try-job.com
Working Directory(current) ... /home/xs252061/try-job.com/public_html/medical.try-job.com

----------

GET     ... a:0:{}
POST    ... a:0:{}
SESSION ... a:1:{s:3:"jc2";s:3:"mid";}
COOKIE  ... a:0:{}

-----------------------------------------------------

▼ 18時42分14秒 のエラーメッセージ

----------

error : Non-static method SSLUtil::sessionLocation() cannot be called statically
on    : /home/xs252061/try-job.com/public_html/medical.try-job.com/include/extends/SSLUtil.php 103
trace : 
[error point]
↑
SSLUtil::scheme_check(  )
		 ... on : /home/xs252061/try-job.com/public_html/medical.try-job.com/include/extends/SSLUtil.php 33
↑
SSLUtil::ssl_check(  )
		 ... on : /home/xs252061/try-job.com/public_html/medical.try-job.com/custom/head_main.php 198
↑
include_once( '/home/xs252061/try-job.com/public_html/medical.try-job.com/custom/head_main.php' )
		 ... on : /home/xs252061/try-job.com/public_html/medical.try-job.com/index.php 11

----------

▼リクエスト内容

----------

User IP                    ... 13.250.45.200
User Agent                 ... Mozilla/5.0 (Windows NT 10.0; Win64; x64) AppleWebKit/537.36 (KHTML, like Gecko) Chrome/78.0.3904.108 Safari/537.36
Request URI                ... /
Working Directory(init)    ... /home/xs252061/try-job.com/public_html/medical.try-job.com
Working Directory(current) ... /home/xs252061/try-job.com/public_html/medical.try-job.com

----------

GET     ... a:0:{}
POST    ... a:0:{}
SESSION ... a:2:{s:3:"jc2";s:3:"mid";s:0:"";s:32:"c40350d0025d03bc3040cc30db488fe8";}
COOKIE  ... a:1:{s:9:"PHPSESSID";s:32:"f14ecc359d4ed004d074a4252fd0f3a3";}

-----------------------------------------------------

▼ 18時42分14秒 のエラーメッセージ

----------

error : Non-static method SSLUtil::sessionLocation() cannot be called statically
on    : /home/xs252061/try-job.com/public_html/medical.try-job.com/include/extends/SSLUtil.php 103
trace : 
[error point]
↑
SSLUtil::scheme_check(  )
		 ... on : /home/xs252061/try-job.com/public_html/medical.try-job.com/include/extends/SSLUtil.php 33
↑
SSLUtil::ssl_check(  )
		 ... on : /home/xs252061/try-job.com/public_html/medical.try-job.com/custom/head_main.php 198
↑
include_once( '/home/xs252061/try-job.com/public_html/medical.try-job.com/custom/head_main.php' )
		 ... on : /home/xs252061/try-job.com/public_html/medical.try-job.com/index.php 11

----------

▼リクエスト内容

----------

User IP                    ... 13.250.45.200
User Agent                 ... Mozilla/5.0 (Windows NT 10.0; Win64; x64) AppleWebKit/537.36 (KHTML, like Gecko) Chrome/78.0.3904.108 Safari/537.36
Request URI                ... /?author=1
Working Directory(init)    ... /home/xs252061/try-job.com/public_html/medical.try-job.com
Working Directory(current) ... /home/xs252061/try-job.com/public_html/medical.try-job.com

----------

GET     ... a:1:{s:6:"author";s:1:"1";}
POST    ... a:0:{}
SESSION ... a:2:{s:3:"jc2";s:3:"mid";s:0:"";s:32:"c40350d0025d03bc3040cc30db488fe8";}
COOKIE  ... a:1:{s:9:"PHPSESSID";s:32:"f14ecc359d4ed004d074a4252fd0f3a3";}

-----------------------------------------------------

▼ 18時42分14秒 のエラーメッセージ

----------

error : Non-static method SSLUtil::sessionLocation() cannot be called statically
on    : /home/xs252061/try-job.com/public_html/medical.try-job.com/include/extends/SSLUtil.php 103
trace : 
[error point]
↑
SSLUtil::scheme_check(  )
		 ... on : /home/xs252061/try-job.com/public_html/medical.try-job.com/include/extends/SSLUtil.php 33
↑
SSLUtil::ssl_check(  )
		 ... on : /home/xs252061/try-job.com/public_html/medical.try-job.com/custom/head_main.php 198
↑
include_once( '/home/xs252061/try-job.com/public_html/medical.try-job.com/custom/head_main.php' )
		 ... on : /home/xs252061/try-job.com/public_html/medical.try-job.com/index.php 11

----------

▼リクエスト内容

----------

User IP                    ... 13.250.45.200
User Agent                 ... Mozilla/5.0 (Windows NT 10.0; Win64; x64) AppleWebKit/537.36 (KHTML, like Gecko) Chrome/78.0.3904.108 Safari/537.36
Request URI                ... /?author=2
Working Directory(init)    ... /home/xs252061/try-job.com/public_html/medical.try-job.com
Working Directory(current) ... /home/xs252061/try-job.com/public_html/medical.try-job.com

----------

GET     ... a:1:{s:6:"author";s:1:"2";}
POST    ... a:0:{}
SESSION ... a:2:{s:3:"jc2";s:3:"mid";s:0:"";s:32:"c40350d0025d03bc3040cc30db488fe8";}
COOKIE  ... a:1:{s:9:"PHPSESSID";s:32:"f14ecc359d4ed004d074a4252fd0f3a3";}

-----------------------------------------------------

▼ 10時11分14秒 のエラーメッセージ

----------

error : Non-static method SSLUtil::sessionLocation() cannot be called statically
on    : /home/xs252061/try-job.com/public_html/medical.try-job.com/include/extends/SSLUtil.php 103
trace : 
[error point]
↑
SSLUtil::scheme_check(  )
		 ... on : /home/xs252061/try-job.com/public_html/medical.try-job.com/include/extends/SSLUtil.php 33
↑
SSLUtil::ssl_check(  )
		 ... on : /home/xs252061/try-job.com/public_html/medical.try-job.com/custom/head_main.php 198
↑
include_once( '/home/xs252061/try-job.com/public_html/medical.try-job.com/custom/head_main.php' )
		 ... on : /home/xs252061/try-job.com/public_html/medical.try-job.com/index.php 11

----------

▼リクエスト内容

----------

User IP                    ... 161.35.151.77
User Agent                 ... Mozilla/5.0 (X11; Linux x86_64) AppleWebKit/537.36 (KHTML, like Gecko) Chrome/139.0.0.0 Safari/537.36
Request URI                ... /
Working Directory(init)    ... /home/xs252061/try-job.com/public_html/medical.try-job.com
Working Directory(current) ... /home/xs252061/try-job.com/public_html/medical.try-job.com

----------

GET     ... a:0:{}
POST    ... a:0:{}
SESSION ... a:1:{s:3:"jc2";s:3:"mid";}
COOKIE  ... a:0:{}

-----------------------------------------------------

