▼2025/7/8 18:25:01

	fgets(): Argument #1 ($stream) must be of type resource, bool given
		/home/xs252061/try-job.com/public_html/medical.try-job.com/include/adminTool/mvc/log_download/view.php 18

▽trace : 

	Call
		/home/xs252061/try-job.com/public_html/medical.try-job.com/tool.php 0041

	doDownload
		/home/xs252061/try-job.com/public_html/medical.try-job.com/include/mvc/mvc.php 0047
			object   : Applog_downloadModel

	drawDownloadHeader
		/home/xs252061/try-job.com/public_html/medical.try-job.com/include/adminTool/mvc/log_download/controller.php 0010
			boolean  : 

	fgets
		/home/xs252061/try-job.com/public_html/medical.try-job.com/include/adminTool/mvc/log_download/view.php 0018
			boolean  : 


-----------------------------------------------------

▼2025/7/8 18:25:01

fatal error : Uncaught Error: Class "System" not found in /home/xs252061/try-job.com/public_html/medical.try-job.com/include/extends/Exception/ExceptionManager.php:57
Stack trace:
#0 /home/xs252061/try-job.com/public_html/medical.try-job.com/include/extends/Exception/ExceptionManager.php(32): ExceptionManager::DrawErrorPage('TypeError')
#1 /home/xs252061/try-job.com/public_html/medical.try-job.com/include/extends/Exception/ExceptionManager.php(129): ExceptionManager->ExceptionHandler(Object(TypeError))
#2 /home/xs252061/try-job.com/public_html/medical.try-job.com/include/extends/Exception/ErrorLog.php(49): ExceptionManager_ExceptionHandler(Object(TypeError))
#3 [internal function]: ErrorLog::HandlingException(Object(TypeError))
#4 {main}
  thrown
/home/xs252061/try-job.com/public_html/medical.try-job.com/include/extends/Exception/ExceptionManager.php,0057

-----------------------------------------------------

▼2025/7/8 18:25:14

	fgets(): Argument #1 ($stream) must be of type resource, bool given
		/home/xs252061/try-job.com/public_html/medical.try-job.com/include/adminTool/mvc/log_download/view.php 18

▽trace : 

	Call
		/home/xs252061/try-job.com/public_html/medical.try-job.com/tool.php 0041

	doDownload
		/home/xs252061/try-job.com/public_html/medical.try-job.com/include/mvc/mvc.php 0047
			object   : Applog_downloadModel

	drawDownloadHeader
		/home/xs252061/try-job.com/public_html/medical.try-job.com/include/adminTool/mvc/log_download/controller.php 0010
			boolean  : 

	fgets
		/home/xs252061/try-job.com/public_html/medical.try-job.com/include/adminTool/mvc/log_download/view.php 0018
			boolean  : 


-----------------------------------------------------

▼2025/7/8 18:25:14

fatal error : Uncaught Error: Class "System" not found in /home/xs252061/try-job.com/public_html/medical.try-job.com/include/extends/Exception/ExceptionManager.php:57
Stack trace:
#0 /home/xs252061/try-job.com/public_html/medical.try-job.com/include/extends/Exception/ExceptionManager.php(32): ExceptionManager::DrawErrorPage('TypeError')
#1 /home/xs252061/try-job.com/public_html/medical.try-job.com/include/extends/Exception/ExceptionManager.php(129): ExceptionManager->ExceptionHandler(Object(TypeError))
#2 /home/xs252061/try-job.com/public_html/medical.try-job.com/include/extends/Exception/ErrorLog.php(49): ExceptionManager_ExceptionHandler(Object(TypeError))
#3 [internal function]: ErrorLog::HandlingException(Object(TypeError))
#4 {main}
  thrown
/home/xs252061/try-job.com/public_html/medical.try-job.com/include/extends/Exception/ExceptionManager.php,0057

-----------------------------------------------------

▼2025/7/9 1:19:31

	Non-static method SSLUtil::sessionLocation() cannot be called statically
		/home/xs252061/try-job.com/public_html/medical.try-job.com/include/extends/SSLUtil.php 103

▽trace : 

	include_once
		/home/xs252061/try-job.com/public_html/medical.try-job.com/index.php 0011

	ssl_check
		/home/xs252061/try-job.com/public_html/medical.try-job.com/custom/head_main.php 0198

	scheme_check
		/home/xs252061/try-job.com/public_html/medical.try-job.com/include/extends/SSLUtil.php 0033


-----------------------------------------------------

▼2025/7/10 16:59:05

	Non-static method SSLUtil::sessionLocation() cannot be called statically
		/home/xs252061/try-job.com/public_html/medical.try-job.com/include/extends/SSLUtil.php 103

▽trace : 

	include_once
		/home/xs252061/try-job.com/public_html/medical.try-job.com/index.php 0011

	ssl_check
		/home/xs252061/try-job.com/public_html/medical.try-job.com/custom/head_main.php 0198

	scheme_check
		/home/xs252061/try-job.com/public_html/medical.try-job.com/include/extends/SSLUtil.php 0033


-----------------------------------------------------

▼2025/7/12 8:26:53

	Non-static method SSLUtil::sessionLocation() cannot be called statically
		/home/xs252061/try-job.com/public_html/medical.try-job.com/include/extends/SSLUtil.php 103

▽trace : 

	include_once
		/home/xs252061/try-job.com/public_html/medical.try-job.com/index.php 0011

	ssl_check
		/home/xs252061/try-job.com/public_html/medical.try-job.com/custom/head_main.php 0198

	scheme_check
		/home/xs252061/try-job.com/public_html/medical.try-job.com/include/extends/SSLUtil.php 0033


-----------------------------------------------------

▼2025/7/13 6:38:38

	Non-static method SSLUtil::sessionLocation() cannot be called statically
		/home/xs252061/try-job.com/public_html/medical.try-job.com/include/extends/SSLUtil.php 103

▽trace : 

	include_once
		/home/xs252061/try-job.com/public_html/medical.try-job.com/index.php 0011

	ssl_check
		/home/xs252061/try-job.com/public_html/medical.try-job.com/custom/head_main.php 0198

	scheme_check
		/home/xs252061/try-job.com/public_html/medical.try-job.com/include/extends/SSLUtil.php 0033


-----------------------------------------------------

▼2025/7/15 7:04:03

	Non-static method SSLUtil::sessionLocation() cannot be called statically
		/home/xs252061/try-job.com/public_html/medical.try-job.com/include/extends/SSLUtil.php 103

▽trace : 

	include_once
		/home/xs252061/try-job.com/public_html/medical.try-job.com/index.php 0011

	ssl_check
		/home/xs252061/try-job.com/public_html/medical.try-job.com/custom/head_main.php 0198

	scheme_check
		/home/xs252061/try-job.com/public_html/medical.try-job.com/include/extends/SSLUtil.php 0033


-----------------------------------------------------

▼2025/7/16 19:29:10

	Non-static method SSLUtil::sessionLocation() cannot be called statically
		/home/xs252061/try-job.com/public_html/medical.try-job.com/include/extends/SSLUtil.php 103

▽trace : 

	include_once
		/home/xs252061/try-job.com/public_html/medical.try-job.com/index.php 0011

	ssl_check
		/home/xs252061/try-job.com/public_html/medical.try-job.com/custom/head_main.php 0198

	scheme_check
		/home/xs252061/try-job.com/public_html/medical.try-job.com/include/extends/SSLUtil.php 0033


-----------------------------------------------------

▼2025/7/18 16:32:38

	Non-static method SSLUtil::sessionLocation() cannot be called statically
		/home/xs252061/try-job.com/public_html/medical.try-job.com/include/extends/SSLUtil.php 103

▽trace : 

	include_once
		/home/xs252061/try-job.com/public_html/medical.try-job.com/index.php 0011

	ssl_check
		/home/xs252061/try-job.com/public_html/medical.try-job.com/custom/head_main.php 0198

	scheme_check
		/home/xs252061/try-job.com/public_html/medical.try-job.com/include/extends/SSLUtil.php 0033


-----------------------------------------------------

▼2025/7/19 7:57:04

	Non-static method SSLUtil::sessionLocation() cannot be called statically
		/home/xs252061/try-job.com/public_html/medical.try-job.com/include/extends/SSLUtil.php 103

▽trace : 

	include_once
		/home/xs252061/try-job.com/public_html/medical.try-job.com/index.php 0011

	ssl_check
		/home/xs252061/try-job.com/public_html/medical.try-job.com/custom/head_main.php 0198

	scheme_check
		/home/xs252061/try-job.com/public_html/medical.try-job.com/include/extends/SSLUtil.php 0033


-----------------------------------------------------

▼2025/7/19 16:22:42

	Non-static method SSLUtil::sessionLocation() cannot be called statically
		/home/xs252061/try-job.com/public_html/medical.try-job.com/include/extends/SSLUtil.php 103

▽trace : 

	include_once
		/home/xs252061/try-job.com/public_html/medical.try-job.com/index.php 0011

	ssl_check
		/home/xs252061/try-job.com/public_html/medical.try-job.com/custom/head_main.php 0198

	scheme_check
		/home/xs252061/try-job.com/public_html/medical.try-job.com/include/extends/SSLUtil.php 0033


-----------------------------------------------------

▼2025/7/21 10:48:33

	Non-static method SSLUtil::sessionLocation() cannot be called statically
		/home/xs252061/try-job.com/public_html/medical.try-job.com/include/extends/SSLUtil.php 103

▽trace : 

	include_once
		/home/xs252061/try-job.com/public_html/medical.try-job.com/index.php 0011

	ssl_check
		/home/xs252061/try-job.com/public_html/medical.try-job.com/custom/head_main.php 0198

	scheme_check
		/home/xs252061/try-job.com/public_html/medical.try-job.com/include/extends/SSLUtil.php 0033


-----------------------------------------------------

▼2025/7/22 14:18:14

	Non-static method SSLUtil::sessionLocation() cannot be called statically
		/home/xs252061/try-job.com/public_html/medical.try-job.com/include/extends/SSLUtil.php 103

▽trace : 

	include_once
		/home/xs252061/try-job.com/public_html/medical.try-job.com/index.php 0011

	ssl_check
		/home/xs252061/try-job.com/public_html/medical.try-job.com/custom/head_main.php 0198

	scheme_check
		/home/xs252061/try-job.com/public_html/medical.try-job.com/include/extends/SSLUtil.php 0033


-----------------------------------------------------

▼2025/7/24 16:02:37

	Non-static method SSLUtil::sessionLocation() cannot be called statically
		/home/xs252061/try-job.com/public_html/medical.try-job.com/include/extends/SSLUtil.php 103

▽trace : 

	include_once
		/home/xs252061/try-job.com/public_html/medical.try-job.com/index.php 0011

	ssl_check
		/home/xs252061/try-job.com/public_html/medical.try-job.com/custom/head_main.php 0198

	scheme_check
		/home/xs252061/try-job.com/public_html/medical.try-job.com/include/extends/SSLUtil.php 0033


-----------------------------------------------------

▼2025/7/29 19:29:44

	Non-static method SSLUtil::sessionLocation() cannot be called statically
		/home/xs252061/try-job.com/public_html/medical.try-job.com/include/extends/SSLUtil.php 103

▽trace : 

	include_once
		/home/xs252061/try-job.com/public_html/medical.try-job.com/index.php 0011

	ssl_check
		/home/xs252061/try-job.com/public_html/medical.try-job.com/custom/head_main.php 0198

	scheme_check
		/home/xs252061/try-job.com/public_html/medical.try-job.com/include/extends/SSLUtil.php 0033


-----------------------------------------------------

▼2025/8/2 18:01:37

	Non-static method SSLUtil::sessionLocation() cannot be called statically
		/home/xs252061/try-job.com/public_html/medical.try-job.com/include/extends/SSLUtil.php 103

▽trace : 

	include_once
		/home/xs252061/try-job.com/public_html/medical.try-job.com/index.php 0011

	ssl_check
		/home/xs252061/try-job.com/public_html/medical.try-job.com/custom/head_main.php 0198

	scheme_check
		/home/xs252061/try-job.com/public_html/medical.try-job.com/include/extends/SSLUtil.php 0033


-----------------------------------------------------

▼2025/8/5 20:16:51

	Non-static method SSLUtil::sessionLocation() cannot be called statically
		/home/xs252061/try-job.com/public_html/medical.try-job.com/include/extends/SSLUtil.php 103

▽trace : 

	include_once
		/home/xs252061/try-job.com/public_html/medical.try-job.com/index.php 0011

	ssl_check
		/home/xs252061/try-job.com/public_html/medical.try-job.com/custom/head_main.php 0198

	scheme_check
		/home/xs252061/try-job.com/public_html/medical.try-job.com/include/extends/SSLUtil.php 0033


-----------------------------------------------------

▼2025/8/6 2:24:09

	Non-static method SSLUtil::sessionLocation() cannot be called statically
		/home/xs252061/try-job.com/public_html/medical.try-job.com/include/extends/SSLUtil.php 103

▽trace : 

	include_once
		/home/xs252061/try-job.com/public_html/medical.try-job.com/index.php 0011

	ssl_check
		/home/xs252061/try-job.com/public_html/medical.try-job.com/custom/head_main.php 0198

	scheme_check
		/home/xs252061/try-job.com/public_html/medical.try-job.com/include/extends/SSLUtil.php 0033


-----------------------------------------------------

▼2025/8/7 9:25:48

	Non-static method SSLUtil::sessionLocation() cannot be called statically
		/home/xs252061/try-job.com/public_html/medical.try-job.com/include/extends/SSLUtil.php 103

▽trace : 

	include_once
		/home/xs252061/try-job.com/public_html/medical.try-job.com/index.php 0011

	ssl_check
		/home/xs252061/try-job.com/public_html/medical.try-job.com/custom/head_main.php 0198

	scheme_check
		/home/xs252061/try-job.com/public_html/medical.try-job.com/include/extends/SSLUtil.php 0033


-----------------------------------------------------

▼2025/8/8 21:13:16

	Non-static method SSLUtil::sessionLocation() cannot be called statically
		/home/xs252061/try-job.com/public_html/medical.try-job.com/include/extends/SSLUtil.php 103

▽trace : 

	include_once
		/home/xs252061/try-job.com/public_html/medical.try-job.com/index.php 0011

	ssl_check
		/home/xs252061/try-job.com/public_html/medical.try-job.com/custom/head_main.php 0198

	scheme_check
		/home/xs252061/try-job.com/public_html/medical.try-job.com/include/extends/SSLUtil.php 0033


-----------------------------------------------------

▼2025/8/12 3:07:54

	Non-static method SSLUtil::sessionLocation() cannot be called statically
		/home/xs252061/try-job.com/public_html/medical.try-job.com/include/extends/SSLUtil.php 103

▽trace : 

	include_once
		/home/xs252061/try-job.com/public_html/medical.try-job.com/index.php 0011

	ssl_check
		/home/xs252061/try-job.com/public_html/medical.try-job.com/custom/head_main.php 0198

	scheme_check
		/home/xs252061/try-job.com/public_html/medical.try-job.com/include/extends/SSLUtil.php 0033


-----------------------------------------------------

▼2025/8/16 6:16:53

	Non-static method SSLUtil::sessionLocation() cannot be called statically
		/home/xs252061/try-job.com/public_html/medical.try-job.com/include/extends/SSLUtil.php 103

▽trace : 

	include_once
		/home/xs252061/try-job.com/public_html/medical.try-job.com/index.php 0011

	ssl_check
		/home/xs252061/try-job.com/public_html/medical.try-job.com/custom/head_main.php 0198

	scheme_check
		/home/xs252061/try-job.com/public_html/medical.try-job.com/include/extends/SSLUtil.php 0033


-----------------------------------------------------

▼2025/8/16 19:31:16

	Non-static method SSLUtil::sessionLocation() cannot be called statically
		/home/xs252061/try-job.com/public_html/medical.try-job.com/include/extends/SSLUtil.php 103

▽trace : 

	include_once
		/home/xs252061/try-job.com/public_html/medical.try-job.com/index.php 0011

	ssl_check
		/home/xs252061/try-job.com/public_html/medical.try-job.com/custom/head_main.php 0198

	scheme_check
		/home/xs252061/try-job.com/public_html/medical.try-job.com/include/extends/SSLUtil.php 0033


-----------------------------------------------------

▼2025/8/22 12:47:13

	pageのレコード編集権限がありません。[array(2)]
		/home/xs252061/try-job.com/public_html/medical.try-job.com/include/extends/Exception/ConceptBase.php 182

▽trace : 

	Call
		/home/xs252061/try-job.com/public_html/medical.try-job.com/index.php 0013

	__construct
		/home/xs252061/try-job.com/public_html/medical.try-job.com/include/mvc/mvc.php 0036

	__construct
		/home/xs252061/try-job.com/public_html/medical.try-job.com/include/mvc/edit/controller.php 0094

	__construct
		/home/xs252061/try-job.com/public_html/medical.try-job.com/include/mvc/base/controller.php 0032
			string   : IllegalAccess

	OrThrow
		/home/xs252061/try-job.com/public_html/medical.try-job.com/include/mvc/edit/model.php 0186
			string   : IllegalAccessException
			string   : pageのレコード編集権限がありません。[array(2)]

	CreateExceptionObject
		/home/xs252061/try-job.com/public_html/medical.try-job.com/include/extends/Exception/ConceptBase.php 0031
			string   : IllegalAccessException
			string   : pageのレコード編集権限がありません。[array(2)]


-----------------------------------------------------

▼2025/8/22 13:22:22

	pageのレコード編集権限がありません。[array(2)]
		/home/xs252061/try-job.com/public_html/medical.try-job.com/include/extends/Exception/ConceptBase.php 182

▽trace : 

	Call
		/home/xs252061/try-job.com/public_html/medical.try-job.com/index.php 0013

	__construct
		/home/xs252061/try-job.com/public_html/medical.try-job.com/include/mvc/mvc.php 0036

	__construct
		/home/xs252061/try-job.com/public_html/medical.try-job.com/include/mvc/edit/controller.php 0094

	__construct
		/home/xs252061/try-job.com/public_html/medical.try-job.com/include/mvc/base/controller.php 0032
			string   : IllegalAccess

	OrThrow
		/home/xs252061/try-job.com/public_html/medical.try-job.com/include/mvc/edit/model.php 0186
			string   : IllegalAccessException
			string   : pageのレコード編集権限がありません。[array(2)]

	CreateExceptionObject
		/home/xs252061/try-job.com/public_html/medical.try-job.com/include/extends/Exception/ConceptBase.php 0031
			string   : IllegalAccessException
			string   : pageのレコード編集権限がありません。[array(2)]


-----------------------------------------------------

▼2025/8/24 18:42:14

	Non-static method SSLUtil::sessionLocation() cannot be called statically
		/home/xs252061/try-job.com/public_html/medical.try-job.com/include/extends/SSLUtil.php 103

▽trace : 

	include_once
		/home/xs252061/try-job.com/public_html/medical.try-job.com/index.php 0011

	ssl_check
		/home/xs252061/try-job.com/public_html/medical.try-job.com/custom/head_main.php 0198

	scheme_check
		/home/xs252061/try-job.com/public_html/medical.try-job.com/include/extends/SSLUtil.php 0033


-----------------------------------------------------

▼2025/8/24 18:42:14

	Non-static method SSLUtil::sessionLocation() cannot be called statically
		/home/xs252061/try-job.com/public_html/medical.try-job.com/include/extends/SSLUtil.php 103

▽trace : 

	include_once
		/home/xs252061/try-job.com/public_html/medical.try-job.com/index.php 0011

	ssl_check
		/home/xs252061/try-job.com/public_html/medical.try-job.com/custom/head_main.php 0198

	scheme_check
		/home/xs252061/try-job.com/public_html/medical.try-job.com/include/extends/SSLUtil.php 0033


-----------------------------------------------------

▼2025/8/24 18:42:14

	Non-static method SSLUtil::sessionLocation() cannot be called statically
		/home/xs252061/try-job.com/public_html/medical.try-job.com/include/extends/SSLUtil.php 103

▽trace : 

	include_once
		/home/xs252061/try-job.com/public_html/medical.try-job.com/index.php 0011

	ssl_check
		/home/xs252061/try-job.com/public_html/medical.try-job.com/custom/head_main.php 0198

	scheme_check
		/home/xs252061/try-job.com/public_html/medical.try-job.com/include/extends/SSLUtil.php 0033


-----------------------------------------------------

▼2025/8/24 18:42:14

	Non-static method SSLUtil::sessionLocation() cannot be called statically
		/home/xs252061/try-job.com/public_html/medical.try-job.com/include/extends/SSLUtil.php 103

▽trace : 

	include_once
		/home/xs252061/try-job.com/public_html/medical.try-job.com/index.php 0011

	ssl_check
		/home/xs252061/try-job.com/public_html/medical.try-job.com/custom/head_main.php 0198

	scheme_check
		/home/xs252061/try-job.com/public_html/medical.try-job.com/include/extends/SSLUtil.php 0033


-----------------------------------------------------

▼2025/8/30 10:11:14

	Non-static method SSLUtil::sessionLocation() cannot be called statically
		/home/xs252061/try-job.com/public_html/medical.try-job.com/include/extends/SSLUtil.php 103

▽trace : 

	include_once
		/home/xs252061/try-job.com/public_html/medical.try-job.com/index.php 0011

	ssl_check
		/home/xs252061/try-job.com/public_html/medical.try-job.com/custom/head_main.php 0198

	scheme_check
		/home/xs252061/try-job.com/public_html/medical.try-job.com/include/extends/SSLUtil.php 0033


-----------------------------------------------------

▼2025/9/1 12:11:18

	Non-static method SSLUtil::sessionLocation() cannot be called statically
		/home/xs252061/try-job.com/public_html/medical.try-job.com/include/extends/SSLUtil.php 103

▽trace : 

	include_once
		/home/xs252061/try-job.com/public_html/medical.try-job.com/index.php 0011

	ssl_check
		/home/xs252061/try-job.com/public_html/medical.try-job.com/custom/head_main.php 0198

	scheme_check
		/home/xs252061/try-job.com/public_html/medical.try-job.com/include/extends/SSLUtil.php 0033


-----------------------------------------------------

▼2025/9/1 20:39:41

	Non-static method SSLUtil::sessionLocation() cannot be called statically
		/home/xs252061/try-job.com/public_html/medical.try-job.com/include/extends/SSLUtil.php 103

▽trace : 

	include_once
		/home/xs252061/try-job.com/public_html/medical.try-job.com/index.php 0011

	ssl_check
		/home/xs252061/try-job.com/public_html/medical.try-job.com/custom/head_main.php 0198

	scheme_check
		/home/xs252061/try-job.com/public_html/medical.try-job.com/include/extends/SSLUtil.php 0033


-----------------------------------------------------

▼2025/9/1 20:39:41

	Non-static method SSLUtil::sessionLocation() cannot be called statically
		/home/xs252061/try-job.com/public_html/medical.try-job.com/include/extends/SSLUtil.php 103

▽trace : 

	include_once
		/home/xs252061/try-job.com/public_html/medical.try-job.com/index.php 0011

	ssl_check
		/home/xs252061/try-job.com/public_html/medical.try-job.com/custom/head_main.php 0198

	scheme_check
		/home/xs252061/try-job.com/public_html/medical.try-job.com/include/extends/SSLUtil.php 0033


-----------------------------------------------------

▼2025/9/1 20:48:12

	Non-static method SSLUtil::sessionLocation() cannot be called statically
		/home/xs252061/try-job.com/public_html/medical.try-job.com/include/extends/SSLUtil.php 103

▽trace : 

	include_once
		/home/xs252061/try-job.com/public_html/medical.try-job.com/index.php 0011

	ssl_check
		/home/xs252061/try-job.com/public_html/medical.try-job.com/custom/head_main.php 0198

	scheme_check
		/home/xs252061/try-job.com/public_html/medical.try-job.com/include/extends/SSLUtil.php 0033


-----------------------------------------------------

▼2025/9/2 0:25:19

	Non-static method SSLUtil::sessionLocation() cannot be called statically
		/home/xs252061/try-job.com/public_html/medical.try-job.com/include/extends/SSLUtil.php 103

▽trace : 

	include_once
		/home/xs252061/try-job.com/public_html/medical.try-job.com/index.php 0011

	ssl_check
		/home/xs252061/try-job.com/public_html/medical.try-job.com/custom/head_main.php 0198

	scheme_check
		/home/xs252061/try-job.com/public_html/medical.try-job.com/include/extends/SSLUtil.php 0033


-----------------------------------------------------

▼2025/9/2 2:03:30

	Non-static method SSLUtil::sessionLocation() cannot be called statically
		/home/xs252061/try-job.com/public_html/medical.try-job.com/include/extends/SSLUtil.php 103

▽trace : 

	include_once
		/home/xs252061/try-job.com/public_html/medical.try-job.com/index.php 0011

	ssl_check
		/home/xs252061/try-job.com/public_html/medical.try-job.com/custom/head_main.php 0198

	scheme_check
		/home/xs252061/try-job.com/public_html/medical.try-job.com/include/extends/SSLUtil.php 0033


-----------------------------------------------------

▼2025/9/2 11:29:22

	Non-static method SSLUtil::sessionLocation() cannot be called statically
		/home/xs252061/try-job.com/public_html/medical.try-job.com/include/extends/SSLUtil.php 103

▽trace : 

	include_once
		/home/xs252061/try-job.com/public_html/medical.try-job.com/index.php 0011

	ssl_check
		/home/xs252061/try-job.com/public_html/medical.try-job.com/custom/head_main.php 0198

	scheme_check
		/home/xs252061/try-job.com/public_html/medical.try-job.com/include/extends/SSLUtil.php 0033


-----------------------------------------------------

▼2025/9/2 15:35:14

	pageのレコード編集権限がありません。[array(2)]
		/home/xs252061/try-job.com/public_html/medical.try-job.com/include/extends/Exception/ConceptBase.php 182

▽trace : 

	Call
		/home/xs252061/try-job.com/public_html/medical.try-job.com/index.php 0013

	__construct
		/home/xs252061/try-job.com/public_html/medical.try-job.com/include/mvc/mvc.php 0036

	__construct
		/home/xs252061/try-job.com/public_html/medical.try-job.com/include/mvc/edit/controller.php 0094

	__construct
		/home/xs252061/try-job.com/public_html/medical.try-job.com/include/mvc/base/controller.php 0032
			string   : IllegalAccess

	OrThrow
		/home/xs252061/try-job.com/public_html/medical.try-job.com/include/mvc/edit/model.php 0186
			string   : IllegalAccessException
			string   : pageのレコード編集権限がありません。[array(2)]

	CreateExceptionObject
		/home/xs252061/try-job.com/public_html/medical.try-job.com/include/extends/Exception/ConceptBase.php 0031
			string   : IllegalAccessException
			string   : pageのレコード編集権限がありません。[array(2)]


-----------------------------------------------------

▼2025/9/2 15:45:23

	Non-static method SSLUtil::sessionLocation() cannot be called statically
		/home/xs252061/try-job.com/public_html/medical.try-job.com/include/extends/SSLUtil.php 103

▽trace : 

	include_once
		/home/xs252061/try-job.com/public_html/medical.try-job.com/index.php 0011

	ssl_check
		/home/xs252061/try-job.com/public_html/medical.try-job.com/custom/head_main.php 0198

	scheme_check
		/home/xs252061/try-job.com/public_html/medical.try-job.com/include/extends/SSLUtil.php 0033


-----------------------------------------------------

▼2025/9/2 17:24:19

	Non-static method SSLUtil::sessionLocation() cannot be called statically
		/home/xs252061/try-job.com/public_html/medical.try-job.com/include/extends/SSLUtil.php 103

▽trace : 

	include_once
		/home/xs252061/try-job.com/public_html/medical.try-job.com/index.php 0011

	ssl_check
		/home/xs252061/try-job.com/public_html/medical.try-job.com/custom/head_main.php 0198

	scheme_check
		/home/xs252061/try-job.com/public_html/medical.try-job.com/include/extends/SSLUtil.php 0033


-----------------------------------------------------

▼2025/9/2 17:26:58

	Non-static method SSLUtil::sessionLocation() cannot be called statically
		/home/xs252061/try-job.com/public_html/medical.try-job.com/include/extends/SSLUtil.php 103

▽trace : 

	include_once
		/home/xs252061/try-job.com/public_html/medical.try-job.com/index.php 0011

	ssl_check
		/home/xs252061/try-job.com/public_html/medical.try-job.com/custom/head_main.php 0198

	scheme_check
		/home/xs252061/try-job.com/public_html/medical.try-job.com/include/extends/SSLUtil.php 0033


-----------------------------------------------------

▼2025/9/3 0:08:12

	Non-static method SSLUtil::sessionLocation() cannot be called statically
		/home/xs252061/try-job.com/public_html/medical.try-job.com/include/extends/SSLUtil.php 103

▽trace : 

	include_once
		/home/xs252061/try-job.com/public_html/medical.try-job.com/index.php 0011

	ssl_check
		/home/xs252061/try-job.com/public_html/medical.try-job.com/custom/head_main.php 0198

	scheme_check
		/home/xs252061/try-job.com/public_html/medical.try-job.com/include/extends/SSLUtil.php 0033


-----------------------------------------------------

▼2025/9/4 20:48:47

	Non-static method SSLUtil::sessionLocation() cannot be called statically
		/home/xs252061/try-job.com/public_html/medical.try-job.com/include/extends/SSLUtil.php 103

▽trace : 

	include_once
		/home/xs252061/try-job.com/public_html/medical.try-job.com/index.php 0011

	ssl_check
		/home/xs252061/try-job.com/public_html/medical.try-job.com/custom/head_main.php 0198

	scheme_check
		/home/xs252061/try-job.com/public_html/medical.try-job.com/include/extends/SSLUtil.php 0033


-----------------------------------------------------

▼2025/9/4 23:42:57

	Non-static method SSLUtil::sessionLocation() cannot be called statically
		/home/xs252061/try-job.com/public_html/medical.try-job.com/include/extends/SSLUtil.php 103

▽trace : 

	include_once
		/home/xs252061/try-job.com/public_html/medical.try-job.com/index.php 0011

	ssl_check
		/home/xs252061/try-job.com/public_html/medical.try-job.com/custom/head_main.php 0198

	scheme_check
		/home/xs252061/try-job.com/public_html/medical.try-job.com/include/extends/SSLUtil.php 0033


-----------------------------------------------------

▼2025/9/5 10:54:07

	Non-static method SSLUtil::sessionLocation() cannot be called statically
		/home/xs252061/try-job.com/public_html/medical.try-job.com/include/extends/SSLUtil.php 103

▽trace : 

	include_once
		/home/xs252061/try-job.com/public_html/medical.try-job.com/index.php 0011

	ssl_check
		/home/xs252061/try-job.com/public_html/medical.try-job.com/custom/head_main.php 0198

	scheme_check
		/home/xs252061/try-job.com/public_html/medical.try-job.com/include/extends/SSLUtil.php 0033


-----------------------------------------------------

▼2025/9/7 22:49:32

	Non-static method SSLUtil::sessionLocation() cannot be called statically
		/home/xs252061/try-job.com/public_html/medical.try-job.com/include/extends/SSLUtil.php 103

▽trace : 

	include_once
		/home/xs252061/try-job.com/public_html/medical.try-job.com/index.php 0011

	ssl_check
		/home/xs252061/try-job.com/public_html/medical.try-job.com/custom/head_main.php 0198

	scheme_check
		/home/xs252061/try-job.com/public_html/medical.try-job.com/include/extends/SSLUtil.php 0033


-----------------------------------------------------

▼2025/9/8 12:21:59

	Non-static method SSLUtil::sessionLocation() cannot be called statically
		/home/xs252061/try-job.com/public_html/medical.try-job.com/include/extends/SSLUtil.php 103

▽trace : 

	include_once
		/home/xs252061/try-job.com/public_html/medical.try-job.com/index.php 0011

	ssl_check
		/home/xs252061/try-job.com/public_html/medical.try-job.com/custom/head_main.php 0198

	scheme_check
		/home/xs252061/try-job.com/public_html/medical.try-job.com/include/extends/SSLUtil.php 0033


-----------------------------------------------------

▼2025/9/8 12:47:38

	Non-static method SSLUtil::sessionLocation() cannot be called statically
		/home/xs252061/try-job.com/public_html/medical.try-job.com/include/extends/SSLUtil.php 103

▽trace : 

	include_once
		/home/xs252061/try-job.com/public_html/medical.try-job.com/index.php 0011

	ssl_check
		/home/xs252061/try-job.com/public_html/medical.try-job.com/custom/head_main.php 0198

	scheme_check
		/home/xs252061/try-job.com/public_html/medical.try-job.com/include/extends/SSLUtil.php 0033


-----------------------------------------------------

▼2025/9/8 13:54:48

	Non-static method SSLUtil::sessionLocation() cannot be called statically
		/home/xs252061/try-job.com/public_html/medical.try-job.com/include/extends/SSLUtil.php 103

▽trace : 

	include_once
		/home/xs252061/try-job.com/public_html/medical.try-job.com/index.php 0011

	ssl_check
		/home/xs252061/try-job.com/public_html/medical.try-job.com/custom/head_main.php 0198

	scheme_check
		/home/xs252061/try-job.com/public_html/medical.try-job.com/include/extends/SSLUtil.php 0033


-----------------------------------------------------

▼2025/9/8 13:55:22

	Non-static method SSLUtil::sessionLocation() cannot be called statically
		/home/xs252061/try-job.com/public_html/medical.try-job.com/include/extends/SSLUtil.php 103

▽trace : 

	include_once
		/home/xs252061/try-job.com/public_html/medical.try-job.com/index.php 0011

	ssl_check
		/home/xs252061/try-job.com/public_html/medical.try-job.com/custom/head_main.php 0198

	scheme_check
		/home/xs252061/try-job.com/public_html/medical.try-job.com/include/extends/SSLUtil.php 0033


-----------------------------------------------------

▼2025/9/8 14:33:09

	Non-static method SSLUtil::sessionLocation() cannot be called statically
		/home/xs252061/try-job.com/public_html/medical.try-job.com/include/extends/SSLUtil.php 103

▽trace : 

	include_once
		/home/xs252061/try-job.com/public_html/medical.try-job.com/index.php 0011

	ssl_check
		/home/xs252061/try-job.com/public_html/medical.try-job.com/custom/head_main.php 0198

	scheme_check
		/home/xs252061/try-job.com/public_html/medical.try-job.com/include/extends/SSLUtil.php 0033


-----------------------------------------------------

▼2025/9/8 18:17:51

	Non-static method SSLUtil::sessionLocation() cannot be called statically
		/home/xs252061/try-job.com/public_html/medical.try-job.com/include/extends/SSLUtil.php 103

▽trace : 

	include_once
		/home/xs252061/try-job.com/public_html/medical.try-job.com/index.php 0011

	ssl_check
		/home/xs252061/try-job.com/public_html/medical.try-job.com/custom/head_main.php 0198

	scheme_check
		/home/xs252061/try-job.com/public_html/medical.try-job.com/include/extends/SSLUtil.php 0033


-----------------------------------------------------

▼2025/9/8 23:46:04

	Non-static method SSLUtil::sessionLocation() cannot be called statically
		/home/xs252061/try-job.com/public_html/medical.try-job.com/include/extends/SSLUtil.php 103

▽trace : 

	include_once
		/home/xs252061/try-job.com/public_html/medical.try-job.com/index.php 0011

	ssl_check
		/home/xs252061/try-job.com/public_html/medical.try-job.com/custom/head_main.php 0198

	scheme_check
		/home/xs252061/try-job.com/public_html/medical.try-job.com/include/extends/SSLUtil.php 0033


-----------------------------------------------------

▼2025/9/9 10:12:32

	Non-static method SSLUtil::sessionLocation() cannot be called statically
		/home/xs252061/try-job.com/public_html/medical.try-job.com/include/extends/SSLUtil.php 103

▽trace : 

	include_once
		/home/xs252061/try-job.com/public_html/medical.try-job.com/index.php 0011

	ssl_check
		/home/xs252061/try-job.com/public_html/medical.try-job.com/custom/head_main.php 0198

	scheme_check
		/home/xs252061/try-job.com/public_html/medical.try-job.com/include/extends/SSLUtil.php 0033


-----------------------------------------------------

▼2025/9/9 10:14:41

	Non-static method SSLUtil::sessionLocation() cannot be called statically
		/home/xs252061/try-job.com/public_html/medical.try-job.com/include/extends/SSLUtil.php 103

▽trace : 

	include_once
		/home/xs252061/try-job.com/public_html/medical.try-job.com/index.php 0011

	ssl_check
		/home/xs252061/try-job.com/public_html/medical.try-job.com/custom/head_main.php 0198

	scheme_check
		/home/xs252061/try-job.com/public_html/medical.try-job.com/include/extends/SSLUtil.php 0033


-----------------------------------------------------

▼2025/9/9 10:29:41

	pageのレコード編集権限がありません。[array(2)]
		/home/xs252061/try-job.com/public_html/medical.try-job.com/include/extends/Exception/ConceptBase.php 182

▽trace : 

	Call
		/home/xs252061/try-job.com/public_html/medical.try-job.com/index.php 0013

	__construct
		/home/xs252061/try-job.com/public_html/medical.try-job.com/include/mvc/mvc.php 0036

	__construct
		/home/xs252061/try-job.com/public_html/medical.try-job.com/include/mvc/edit/controller.php 0094

	__construct
		/home/xs252061/try-job.com/public_html/medical.try-job.com/include/mvc/base/controller.php 0032
			string   : IllegalAccess

	OrThrow
		/home/xs252061/try-job.com/public_html/medical.try-job.com/include/mvc/edit/model.php 0186
			string   : IllegalAccessException
			string   : pageのレコード編集権限がありません。[array(2)]

	CreateExceptionObject
		/home/xs252061/try-job.com/public_html/medical.try-job.com/include/extends/Exception/ConceptBase.php 0031
			string   : IllegalAccessException
			string   : pageのレコード編集権限がありません。[array(2)]


-----------------------------------------------------

▼2025/9/9 11:33:10

	systemのレコード編集権限がありません。[array(2)]
		/home/xs252061/try-job.com/public_html/medical.try-job.com/include/extends/Exception/ConceptBase.php 182

▽trace : 

	Call
		/home/xs252061/try-job.com/public_html/medical.try-job.com/index.php 0013

	__construct
		/home/xs252061/try-job.com/public_html/medical.try-job.com/include/mvc/mvc.php 0036

	__construct
		/home/xs252061/try-job.com/public_html/medical.try-job.com/include/mvc/edit/controller.php 0094

	__construct
		/home/xs252061/try-job.com/public_html/medical.try-job.com/include/mvc/base/controller.php 0032
			string   : IllegalAccess

	OrThrow
		/home/xs252061/try-job.com/public_html/medical.try-job.com/include/mvc/edit/model.php 0186
			string   : IllegalAccessException
			string   : systemのレコード編集権限がありません。[array(2)]

	CreateExceptionObject
		/home/xs252061/try-job.com/public_html/medical.try-job.com/include/extends/Exception/ConceptBase.php 0031
			string   : IllegalAccessException
			string   : systemのレコード編集権限がありません。[array(2)]


-----------------------------------------------------

▼2025/9/9 12:45:45

	systemのレコード編集権限がありません。[array(2)]
		/home/xs252061/try-job.com/public_html/medical.try-job.com/include/extends/Exception/ConceptBase.php 182

▽trace : 

	Call
		/home/xs252061/try-job.com/public_html/medical.try-job.com/index.php 0013

	__construct
		/home/xs252061/try-job.com/public_html/medical.try-job.com/include/mvc/mvc.php 0036

	__construct
		/home/xs252061/try-job.com/public_html/medical.try-job.com/include/mvc/edit/controller.php 0094

	__construct
		/home/xs252061/try-job.com/public_html/medical.try-job.com/include/mvc/base/controller.php 0032
			string   : IllegalAccess

	OrThrow
		/home/xs252061/try-job.com/public_html/medical.try-job.com/include/mvc/edit/model.php 0186
			string   : IllegalAccessException
			string   : systemのレコード編集権限がありません。[array(2)]

	CreateExceptionObject
		/home/xs252061/try-job.com/public_html/medical.try-job.com/include/extends/Exception/ConceptBase.php 0031
			string   : IllegalAccessException
			string   : systemのレコード編集権限がありません。[array(2)]


-----------------------------------------------------

▼2025/9/9 19:10:00

	Non-static method SSLUtil::sessionLocation() cannot be called statically
		/home/xs252061/try-job.com/public_html/medical.try-job.com/include/extends/SSLUtil.php 103

▽trace : 

	include_once
		/home/xs252061/try-job.com/public_html/medical.try-job.com/index.php 0011

	ssl_check
		/home/xs252061/try-job.com/public_html/medical.try-job.com/custom/head_main.php 0198

	scheme_check
		/home/xs252061/try-job.com/public_html/medical.try-job.com/include/extends/SSLUtil.php 0033


-----------------------------------------------------

▼2025/9/9 19:10:05

	Non-static method SSLUtil::sessionLocation() cannot be called statically
		/home/xs252061/try-job.com/public_html/medical.try-job.com/include/extends/SSLUtil.php 103

▽trace : 

	include_once
		/home/xs252061/try-job.com/public_html/medical.try-job.com/login.php 0011

	ssl_check
		/home/xs252061/try-job.com/public_html/medical.try-job.com/custom/head_main.php 0198

	scheme_check
		/home/xs252061/try-job.com/public_html/medical.try-job.com/include/extends/SSLUtil.php 0033


-----------------------------------------------------

▼2025/9/10 14:56:31

	Non-static method SSLUtil::sessionLocation() cannot be called statically
		/home/xs252061/try-job.com/public_html/medical.try-job.com/include/extends/SSLUtil.php 103

▽trace : 

	include_once
		/home/xs252061/try-job.com/public_html/medical.try-job.com/index.php 0011

	ssl_check
		/home/xs252061/try-job.com/public_html/medical.try-job.com/custom/head_main.php 0198

	scheme_check
		/home/xs252061/try-job.com/public_html/medical.try-job.com/include/extends/SSLUtil.php 0033


-----------------------------------------------------

▼2025/9/11 0:16:18

	Non-static method SSLUtil::sessionLocation() cannot be called statically
		/home/xs252061/try-job.com/public_html/medical.try-job.com/include/extends/SSLUtil.php 103

▽trace : 

	include_once
		/home/xs252061/try-job.com/public_html/medical.try-job.com/index.php 0011

	ssl_check
		/home/xs252061/try-job.com/public_html/medical.try-job.com/custom/head_main.php 0198

	scheme_check
		/home/xs252061/try-job.com/public_html/medical.try-job.com/include/extends/SSLUtil.php 0033


-----------------------------------------------------

▼2025/9/11 0:16:19

	Non-static method SSLUtil::sessionLocation() cannot be called statically
		/home/xs252061/try-job.com/public_html/medical.try-job.com/include/extends/SSLUtil.php 103

▽trace : 

	include_once
		/home/xs252061/try-job.com/public_html/medical.try-job.com/index.php 0011

	ssl_check
		/home/xs252061/try-job.com/public_html/medical.try-job.com/custom/head_main.php 0198

	scheme_check
		/home/xs252061/try-job.com/public_html/medical.try-job.com/include/extends/SSLUtil.php 0033


-----------------------------------------------------

▼2025/9/11 0:16:19

	Non-static method SSLUtil::sessionLocation() cannot be called statically
		/home/xs252061/try-job.com/public_html/medical.try-job.com/include/extends/SSLUtil.php 103

▽trace : 

	include_once
		/home/xs252061/try-job.com/public_html/medical.try-job.com/index.php 0011

	ssl_check
		/home/xs252061/try-job.com/public_html/medical.try-job.com/custom/head_main.php 0198

	scheme_check
		/home/xs252061/try-job.com/public_html/medical.try-job.com/include/extends/SSLUtil.php 0033


-----------------------------------------------------

▼2025/9/11 0:16:20

	Non-static method SSLUtil::sessionLocation() cannot be called statically
		/home/xs252061/try-job.com/public_html/medical.try-job.com/include/extends/SSLUtil.php 103

▽trace : 

	include_once
		/home/xs252061/try-job.com/public_html/medical.try-job.com/index.php 0011

	ssl_check
		/home/xs252061/try-job.com/public_html/medical.try-job.com/custom/head_main.php 0198

	scheme_check
		/home/xs252061/try-job.com/public_html/medical.try-job.com/include/extends/SSLUtil.php 0033


-----------------------------------------------------

▼2025/9/11 0:16:20

	Non-static method SSLUtil::sessionLocation() cannot be called statically
		/home/xs252061/try-job.com/public_html/medical.try-job.com/include/extends/SSLUtil.php 103

▽trace : 

	include_once
		/home/xs252061/try-job.com/public_html/medical.try-job.com/index.php 0011

	ssl_check
		/home/xs252061/try-job.com/public_html/medical.try-job.com/custom/head_main.php 0198

	scheme_check
		/home/xs252061/try-job.com/public_html/medical.try-job.com/include/extends/SSLUtil.php 0033


-----------------------------------------------------

▼2025/9/11 13:26:28

	Non-static method SSLUtil::sessionLocation() cannot be called statically
		/home/xs252061/try-job.com/public_html/medical.try-job.com/include/extends/SSLUtil.php 103

▽trace : 

	include_once
		/home/xs252061/try-job.com/public_html/medical.try-job.com/index.php 0011

	ssl_check
		/home/xs252061/try-job.com/public_html/medical.try-job.com/custom/head_main.php 0198

	scheme_check
		/home/xs252061/try-job.com/public_html/medical.try-job.com/include/extends/SSLUtil.php 0033


-----------------------------------------------------

▼2025/9/11 16:03:27

	Non-static method SSLUtil::sessionLocation() cannot be called statically
		/home/xs252061/try-job.com/public_html/medical.try-job.com/include/extends/SSLUtil.php 103

▽trace : 

	include_once
		/home/xs252061/try-job.com/public_html/medical.try-job.com/index.php 0011

	ssl_check
		/home/xs252061/try-job.com/public_html/medical.try-job.com/custom/head_main.php 0198

	scheme_check
		/home/xs252061/try-job.com/public_html/medical.try-job.com/include/extends/SSLUtil.php 0033


-----------------------------------------------------

▼2025/9/11 21:40:55

	Non-static method SSLUtil::sessionLocation() cannot be called statically
		/home/xs252061/try-job.com/public_html/medical.try-job.com/include/extends/SSLUtil.php 103

▽trace : 

	include_once
		/home/xs252061/try-job.com/public_html/medical.try-job.com/index.php 0011

	ssl_check
		/home/xs252061/try-job.com/public_html/medical.try-job.com/custom/head_main.php 0198

	scheme_check
		/home/xs252061/try-job.com/public_html/medical.try-job.com/include/extends/SSLUtil.php 0033


-----------------------------------------------------

▼2025/9/12 0:42:14

	Non-static method SSLUtil::sessionLocation() cannot be called statically
		/home/xs252061/try-job.com/public_html/medical.try-job.com/include/extends/SSLUtil.php 103

▽trace : 

	include_once
		/home/xs252061/try-job.com/public_html/medical.try-job.com/index.php 0011

	ssl_check
		/home/xs252061/try-job.com/public_html/medical.try-job.com/custom/head_main.php 0198

	scheme_check
		/home/xs252061/try-job.com/public_html/medical.try-job.com/include/extends/SSLUtil.php 0033


-----------------------------------------------------

▼2025/9/12 0:42:14

	Non-static method SSLUtil::sessionLocation() cannot be called statically
		/home/xs252061/try-job.com/public_html/medical.try-job.com/include/extends/SSLUtil.php 103

▽trace : 

	include_once
		/home/xs252061/try-job.com/public_html/medical.try-job.com/index.php 0011

	ssl_check
		/home/xs252061/try-job.com/public_html/medical.try-job.com/custom/head_main.php 0198

	scheme_check
		/home/xs252061/try-job.com/public_html/medical.try-job.com/include/extends/SSLUtil.php 0033


-----------------------------------------------------

▼2025/9/12 0:42:15

	Non-static method SSLUtil::sessionLocation() cannot be called statically
		/home/xs252061/try-job.com/public_html/medical.try-job.com/include/extends/SSLUtil.php 103

▽trace : 

	include_once
		/home/xs252061/try-job.com/public_html/medical.try-job.com/index.php 0011

	ssl_check
		/home/xs252061/try-job.com/public_html/medical.try-job.com/custom/head_main.php 0198

	scheme_check
		/home/xs252061/try-job.com/public_html/medical.try-job.com/include/extends/SSLUtil.php 0033


-----------------------------------------------------

▼2025/9/12 0:42:15

	Non-static method SSLUtil::sessionLocation() cannot be called statically
		/home/xs252061/try-job.com/public_html/medical.try-job.com/include/extends/SSLUtil.php 103

▽trace : 

	include_once
		/home/xs252061/try-job.com/public_html/medical.try-job.com/index.php 0011

	ssl_check
		/home/xs252061/try-job.com/public_html/medical.try-job.com/custom/head_main.php 0198

	scheme_check
		/home/xs252061/try-job.com/public_html/medical.try-job.com/include/extends/SSLUtil.php 0033


-----------------------------------------------------

▼2025/9/12 0:42:15

	Non-static method SSLUtil::sessionLocation() cannot be called statically
		/home/xs252061/try-job.com/public_html/medical.try-job.com/include/extends/SSLUtil.php 103

▽trace : 

	include_once
		/home/xs252061/try-job.com/public_html/medical.try-job.com/index.php 0011

	ssl_check
		/home/xs252061/try-job.com/public_html/medical.try-job.com/custom/head_main.php 0198

	scheme_check
		/home/xs252061/try-job.com/public_html/medical.try-job.com/include/extends/SSLUtil.php 0033


-----------------------------------------------------

