▼ 17時58分02秒 のエラーメッセージ

----------

error : パラメータにnullは指定できません[NULL]
on    : /home/xs252061/try-job.com/public_html/childcare.try-job.com/include/extends/Exception/ConceptBase.php 182
trace : 
[error point]
↑
ConceptBase::CreateExceptionObject( 'InvalidQueryException' , 'パラメータにnullは指定できません[NULL]' )
		 ... on : /home/xs252061/try-job.com/public_html/childcare.try-job.com/include/extends/Exception/ConceptBase.php 31
↑
ConceptBase::OrThrow( 'InvalidQuery' )
		 ... on : /home/xs252061/try-job.com/public_html/childcare.try-job.com/include/mvc/search/controller.php 50
↑
AppSearchController::__construct(  )
		 ... on : /home/xs252061/try-job.com/public_html/childcare.try-job.com/include/mvc/mvc.php 42
↑
MVC::Call( 'search' ,  )
		 ... on : /home/xs252061/try-job.com/public_html/childcare.try-job.com/index.php 13

----------

▼リクエスト内容

----------

User IP                    ... 150.147.201.27
User Agent                 ... Mozilla/5.0 (Macintosh; Intel Mac OS X 10_11_1) AppleWebKit/601.2.4 (KHTML, like Gecko) Version/9.0.1 Safari/601.2.4 facebookexternalhit/1.1 Facebot Twitterbot/1.0
Request URI                ... /index.php?app_controller=search
Working Directory(init)    ... /home/xs252061/try-job.com/public_html/childcare.try-job.com
Working Directory(current) ... /home/xs252061/try-job.com/public_html/childcare.try-job.com

----------

GET     ... a:1:{s:14:"app_controller";s:6:"search";}
POST    ... a:0:{}
SESSION ... a:1:{s:3:"jc2";s:3:"mid";}
COOKIE  ... a:0:{}

-----------------------------------------------------

▼ 16時19分03秒 のエラーメッセージ

----------

error : systemのレコード編集権限がありません。[array(2)]
on    : /home/xs252061/try-job.com/public_html/childcare.try-job.com/include/extends/Exception/ConceptBase.php 182
trace : 
[error point]
↑
ConceptBase::CreateExceptionObject( 'IllegalAccessException' , 'systemのレコード編集権限がありません。[array(2)]' )
		 ... on : /home/xs252061/try-job.com/public_html/childcare.try-job.com/include/extends/Exception/ConceptBase.php 31
↑
ConceptBase::OrThrow( 'IllegalAccess' )
		 ... on : /home/xs252061/try-job.com/public_html/childcare.try-job.com/include/mvc/edit/model.php 186
↑
AppEditModel::__construct(  )
		 ... on : /home/xs252061/try-job.com/public_html/childcare.try-job.com/include/mvc/base/controller.php 32
↑
AppBaseController::__construct(  )
		 ... on : /home/xs252061/try-job.com/public_html/childcare.try-job.com/include/mvc/edit/controller.php 94
↑
AppEditController::__construct(  )
		 ... on : /home/xs252061/try-job.com/public_html/childcare.try-job.com/include/mvc/mvc.php 36
↑
MVC::Call( 'edit' , 'system' )
		 ... on : /home/xs252061/try-job.com/public_html/childcare.try-job.com/index.php 13

----------

▼リクエスト内容

----------

User IP                    ... 122.133.72.136
User Agent                 ... Mozilla/5.0 (Macintosh; Intel Mac OS X 10_15_7) AppleWebKit/537.36 (KHTML, like Gecko) Chrome/138.0.0.0 Safari/537.36
Request URI                ... /index.php?app_controller=edit&type=system&id=ADMIN
Working Directory(init)    ... /home/xs252061/try-job.com/public_html/childcare.try-job.com
Working Directory(current) ... /home/xs252061/try-job.com/public_html/childcare.try-job.com

----------

GET     ... a:3:{s:14:"app_controller";s:4:"edit";s:4:"type";s:6:"system";s:2:"id";s:5:"ADMIN";}
POST    ... a:0:{}
SESSION ... a:5:{s:3:"jc2";s:3:"mid";s:0:"";s:32:"4cee9b74e6e476d874950d3252640956";s:18:"search_query_index";s:1:"1";s:17:"search_query_hash";a:1:{s:40:"a48fa8e72c5867e9f9e09caf423619896de7a5ab";s:1:"0";}s:12:"search_query";a:1:{i:0;a:6:{s:4:"type";s:7:"article";s:3:"run";s:4:"true";s:4:"mode";s:3:"top";s:7:"embedID";s:14:"article_simple";s:3:"num";s:1:"3";s:1:"q";s:1:"0";}}}
COOKIE  ... a:1:{s:9:"PHPSESSID";s:32:"4a7718837ca75785296ebfd0a863976c";}

-----------------------------------------------------

