▼ 14時44分51秒 のエラーメッセージ

----------

error : pageのレコード編集権限がありません。[array(2)]
on    : /home/valentiaweb/valentia.design/public_html/childcare.try-job.com/include/extends/Exception/ConceptBase.php 182
trace : 
[error point]
↑
ConceptBase::CreateExceptionObject( 'IllegalAccessException' , 'pageのレコード編集権限がありません。[array(2)]' )
		 ... on : /home/valentiaweb/valentia.design/public_html/childcare.try-job.com/include/extends/Exception/ConceptBase.php 31
↑
ConceptBase::OrThrow( 'IllegalAccess' )
		 ... on : /home/valentiaweb/valentia.design/public_html/childcare.try-job.com/include/mvc/edit/model.php 186
↑
AppEditModel::__construct(  )
		 ... on : /home/valentiaweb/valentia.design/public_html/childcare.try-job.com/include/mvc/base/controller.php 32
↑
AppBaseController::__construct(  )
		 ... on : /home/valentiaweb/valentia.design/public_html/childcare.try-job.com/include/mvc/edit/controller.php 94
↑
AppEditController::__construct(  )
		 ... on : /home/valentiaweb/valentia.design/public_html/childcare.try-job.com/include/mvc/mvc.php 36
↑
MVC::Call( 'edit' , 'page' )
		 ... on : /home/valentiaweb/valentia.design/public_html/childcare.try-job.com/index.php 13

----------

▼リクエスト内容

----------

User IP                    ... 125.194.52.146
User Agent                 ... Mozilla/5.0 (Macintosh; Intel Mac OS X 10_15_7) AppleWebKit/537.36 (KHTML, like Gecko) Chrome/137.0.0.0 Safari/537.36
Request URI                ... /gc/tryjob_care/index.php?app_controller=edit&type=page&id=P00002
Working Directory(init)    ... /home/valentiaweb/valentia.design/public_html/childcare.try-job.com
Working Directory(current) ... /home/valentiaweb/valentia.design/public_html/childcare.try-job.com

----------

GET     ... a:3:{s:14:"app_controller";s:4:"edit";s:4:"type";s:4:"page";s:2:"id";s:6:"P00002";}
POST    ... a:0:{}
SESSION ... a:63:{s:3:"jc2";s:3:"mid";s:0:"";s:32:"fd7d19220495abbecde836726d1f15ad";s:18:"search_query_index";s:1:"7";s:17:"search_query_hash";a:7:{s:40:"0d66e76007870e9b1ff9a8fb1f7498400174955b";s:1:"0";s:40:"0d82c89ab632b0599c4685c592d43f8629dd6d32";s:1:"1";s:40:"a48fa8e72c5867e9f9e09caf423619896de7a5ab";s:1:"2";s:40:"8b516822c5a6aa70c139f69c41bea9faec13be09";s:1:"3";s:40:"03691c54dd34b71f6a70da3a820a87c2a8c803d3";s:1:"4";s:40:"bf7ba991032f4324599e2cc52310282e6d702898";s:1:"5";s:40:"9e8de3b96a9b4a738216e234d21149fbe21d925c";s:1:"6";}s:12:"search_query";a:7:{i:0;a:6:{s:4:"type";s:7:"article";s:3:"run";s:4:"true";s:4:"mode";s:3:"top";s:7:"embedID";s:14:"article_simple";s:3:"num";s:1:"6";s:1:"q";s:1:"0";}i:1;a:7:{s:4:"type";s:7:"article";s:3:"run";s:4:"true";s:4:"mode";s:3:"top";s:7:"embedID";s:14:"article_simple";s:3:"num";s:1:"3";s:8:"category";s:10:"7aa03c3c18";s:1:"q";s:1:"1";}i:2;a:6:{s:4:"type";s:7:"article";s:3:"run";s:4:"true";s:4:"mode";s:3:"top";s:7:"embedID";s:14:"article_simple";s:3:"num";s:1:"3";s:1:"q";s:1:"2";}i:3;a:8:{s:4:"type";s:20:"article_relationship";s:9:"listingID";s:12:"categoryList";s:3:"run";s:4:"true";s:11:"original_id";s:10:"0000000007";s:17:"relationship_type";s:8:"category";s:4:"sort";s:9:"shadow_id";s:8:"sort_PAL";s:3:"asc";s:1:"q";s:1:"3";}i:4;a:7:{s:4:"type";s:7:"article";s:3:"run";s:4:"true";s:9:"listingID";s:10:"newArticle";s:3:"row";s:1:"5";s:4:"sort";s:9:"shadow_id";s:8:"sort_PAL";s:3:"asc";s:1:"q";s:1:"4";}i:5;a:11:{s:4:"type";s:7:"article";s:3:"run";s:4:"true";s:2:"id";s:10:"0000000007";s:6:"id_PAL";a:1:{i:0;s:9:"match not";}s:17:"category_CHECKBOX";s:0:"";s:12:"category_PAL";a:1:{i:0;s:8:"match in";}s:9:"listingID";s:16:"frameListArticle";s:3:"row";s:1:"5";s:4:"sort";s:9:"shadow_id";s:8:"sort_PAL";s:3:"asc";s:1:"q";s:1:"5";}i:6;a:6:{s:4:"type";s:16:"article_category";s:9:"listingID";s:5:"cList";s:3:"run";s:4:"true";s:4:"sort";s:9:"shadow_id";s:8:"sort_PAL";s:3:"asc";s:1:"q";s:1:"6";}}s:18:"jc2__system_path__";s:19:"/gc/tryjob_medical/";s:10:"jc2loginid";s:5:"ADMIN";s:12:"jc2logintype";s:5:"admin";s:11:"admin_count";s:12:"0/1749447879";s:51:"authenticity_token_a97ac429476f18438c0f49abfaf17f48";s:32:"a97ac429476f18438c0f49abfaf17f48";s:51:"authenticity_token_d803c30921bba612f2ad0d414baabf9e";s:32:"d803c30921bba612f2ad0d414baabf9e";s:51:"authenticity_token_0bff43e096838355ecdd2f98af24a6bb";s:32:"0bff43e096838355ecdd2f98af24a6bb";s:51:"authenticity_token_7734d9489562b39a5ad7e77615bff9f2";s:32:"7734d9489562b39a5ad7e77615bff9f2";s:51:"authenticity_token_f5def2dfe484903ce066f07dca1c2ccd";s:32:"f5def2dfe484903ce066f07dca1c2ccd";s:51:"authenticity_token_1c3eb5bfd06630f9c092e0082c95b6ab";s:32:"1c3eb5bfd06630f9c092e0082c95b6ab";s:51:"authenticity_token_d9b255587085ecf2d5f3bed069784863";s:32:"d9b255587085ecf2d5f3bed069784863";s:51:"authenticity_token_dc1e50f60f3cde6694158596a7f86776";s:32:"dc1e50f60f3cde6694158596a7f86776";s:51:"authenticity_token_3d304e102884bef13f65728932eaaab7";s:32:"3d304e102884bef13f65728932eaaab7";s:51:"authenticity_token_27e5602b33b5afdf8024c545e19a61f4";s:32:"27e5602b33b5afdf8024c545e19a61f4";s:51:"authenticity_token_b57cf9455f437d239ed01984ca172f13";s:32:"b57cf9455f437d239ed01984ca172f13";s:51:"authenticity_token_ef74f871b80d51fe06a6bd9a5852a454";s:32:"ef74f871b80d51fe06a6bd9a5852a454";s:51:"authenticity_token_febc2aa7264deb8a947c3566c8df3baf";s:32:"febc2aa7264deb8a947c3566c8df3baf";s:51:"authenticity_token_f9bb2dc86e119a26872287bfd8b759c8";s:32:"f9bb2dc86e119a26872287bfd8b759c8";s:51:"authenticity_token_ea84591e69c1e2e86c3c1bb94f9bfee8";s:32:"ea84591e69c1e2e86c3c1bb94f9bfee8";s:51:"authenticity_token_0af9a3d515a6a3c4cdded63298987947";s:32:"0af9a3d515a6a3c4cdded63298987947";s:51:"authenticity_token_81b6edb0ea5ced5eb5d5b114d22b2a69";s:32:"81b6edb0ea5ced5eb5d5b114d22b2a69";s:51:"authenticity_token_fc7f12730a30df148b3de1deeb4b24b6";s:32:"fc7f12730a30df148b3de1deeb4b24b6";s:51:"authenticity_token_29c9ca3bad36e8526cb344bf8e06aa46";s:32:"29c9ca3bad36e8526cb344bf8e06aa46";s:51:"authenticity_token_6b525a8876f891b6d023926cc54a0b5c";s:32:"6b525a8876f891b6d023926cc54a0b5c";s:51:"authenticity_token_e2e820e655e8d822b1698abed5af55ae";s:32:"e2e820e655e8d822b1698abed5af55ae";s:51:"authenticity_token_11f1d60b403c646f8e3e7eecd9b0d649";s:32:"11f1d60b403c646f8e3e7eecd9b0d649";s:51:"authenticity_token_aea848c99274b9e87e283dc0787dc734";s:32:"aea848c99274b9e87e283dc0787dc734";s:51:"authenticity_token_bf616cc3afb4a8fa2c2df6c33d9276d8";s:32:"bf616cc3afb4a8fa2c2df6c33d9276d8";s:51:"authenticity_token_074642b517176f53500be77c3a0379e7";s:32:"074642b517176f53500be77c3a0379e7";s:51:"authenticity_token_f25b8ebb8a56befaad4c206510e93a70";s:32:"f25b8ebb8a56befaad4c206510e93a70";s:51:"authenticity_token_0ed3d86ba9ffc96b8c3ffae8a8f24999";s:32:"0ed3d86ba9ffc96b8c3ffae8a8f24999";s:51:"authenticity_token_0599d8437d160708317b6b593e61e975";s:32:"0599d8437d160708317b6b593e61e975";s:51:"authenticity_token_6ee1f0b87778f428ea73ebd211603bea";s:32:"6ee1f0b87778f428ea73ebd211603bea";s:51:"authenticity_token_aea1c76fc5904812c9a74247c3b3ba9f";s:32:"aea1c76fc5904812c9a74247c3b3ba9f";s:51:"authenticity_token_adbb7520e9d492e29ae56d754aeec69e";s:32:"adbb7520e9d492e29ae56d754aeec69e";s:51:"authenticity_token_aad4f93c13512ddf09dde01ffbf0651b";s:32:"aad4f93c13512ddf09dde01ffbf0651b";s:51:"authenticity_token_8e93a34091760ba9406723120c98f06c";s:32:"8e93a34091760ba9406723120c98f06c";s:51:"authenticity_token_b387eb6a48eadf61b493b634ca0b8f7f";s:32:"b387eb6a48eadf61b493b634ca0b8f7f";s:51:"authenticity_token_14237d3d10dcd71f93266e425cffc5f7";s:32:"14237d3d10dcd71f93266e425cffc5f7";s:51:"authenticity_token_844e8d25ebed59c7d92ef3eba85ce7d1";s:32:"844e8d25ebed59c7d92ef3eba85ce7d1";s:51:"authenticity_token_fde4f7c2dae6cc3e2edc6b8468f97a02";s:32:"fde4f7c2dae6cc3e2edc6b8468f97a02";s:51:"authenticity_token_53107d90301b55274fac7d069fca7e9e";s:32:"53107d90301b55274fac7d069fca7e9e";s:51:"authenticity_token_135924764393654221fe24766de6be1d";s:32:"135924764393654221fe24766de6be1d";s:51:"authenticity_token_b9d1c8af9696b01a1df57694822521e1";s:32:"b9d1c8af9696b01a1df57694822521e1";s:51:"authenticity_token_ffbf84aafd4a7b22f03020adeae2952c";s:32:"ffbf84aafd4a7b22f03020adeae2952c";s:51:"authenticity_token_8692b3cf9d3731774e8bfdd7cd97351c";s:32:"8692b3cf9d3731774e8bfdd7cd97351c";s:51:"authenticity_token_944af0a5a3f87ed87bd4a9327aaf9585";s:32:"944af0a5a3f87ed87bd4a9327aaf9585";s:51:"authenticity_token_d4f73faa1f75901cd18762c3ad17de41";s:32:"d4f73faa1f75901cd18762c3ad17de41";s:51:"authenticity_token_6f8c3b0ebe7ccc32ac6328f7ddac6693";s:32:"6f8c3b0ebe7ccc32ac6328f7ddac6693";s:51:"authenticity_token_f3e428fc37d8afe273eeb5a6a13df051";s:32:"f3e428fc37d8afe273eeb5a6a13df051";s:51:"authenticity_token_63de25438ebb3d2300721bb6017ea4e9";s:32:"63de25438ebb3d2300721bb6017ea4e9";s:51:"authenticity_token_a1095c997ee9b8fd74b61c99f39065e1";s:32:"a1095c997ee9b8fd74b61c99f39065e1";s:51:"authenticity_token_7535a5f2f2ec7d053f962eca56c03a66";s:32:"7535a5f2f2ec7d053f962eca56c03a66";s:51:"authenticity_token_28fdbba6fb919313c5947333ad3cf0bc";s:32:"28fdbba6fb919313c5947333ad3cf0bc";s:51:"authenticity_token_307d24b35cd91957c3ecfd279b8cd424";s:32:"307d24b35cd91957c3ecfd279b8cd424";s:51:"authenticity_token_8e191f7b513d5af0f6e72167228d6071";s:32:"8e191f7b513d5af0f6e72167228d6071";s:51:"authenticity_token_c144e7a7f37948e2ddf598fc97522093";s:32:"c144e7a7f37948e2ddf598fc97522093";s:51:"authenticity_token_d99e1e422aab2525279e0cd6cb926788";s:32:"d99e1e422aab2525279e0cd6cb926788";}
COOKIE  ... a:1:{s:9:"PHPSESSID";s:32:"9bce4870dc75a971950df843eb1a4b09";}

-----------------------------------------------------

▼ 14時45分33秒 のエラーメッセージ

----------

error : pageのレコード編集権限がありません。[array(2)]
on    : /home/valentiaweb/valentia.design/public_html/childcare.try-job.com/include/extends/Exception/ConceptBase.php 182
trace : 
[error point]
↑
ConceptBase::CreateExceptionObject( 'IllegalAccessException' , 'pageのレコード編集権限がありません。[array(2)]' )
		 ... on : /home/valentiaweb/valentia.design/public_html/childcare.try-job.com/include/extends/Exception/ConceptBase.php 31
↑
ConceptBase::OrThrow( 'IllegalAccess' )
		 ... on : /home/valentiaweb/valentia.design/public_html/childcare.try-job.com/include/mvc/edit/model.php 186
↑
AppEditModel::__construct(  )
		 ... on : /home/valentiaweb/valentia.design/public_html/childcare.try-job.com/include/mvc/base/controller.php 32
↑
AppBaseController::__construct(  )
		 ... on : /home/valentiaweb/valentia.design/public_html/childcare.try-job.com/include/mvc/edit/controller.php 94
↑
AppEditController::__construct(  )
		 ... on : /home/valentiaweb/valentia.design/public_html/childcare.try-job.com/include/mvc/mvc.php 36
↑
MVC::Call( 'edit' , 'page' )
		 ... on : /home/valentiaweb/valentia.design/public_html/childcare.try-job.com/index.php 13

----------

▼リクエスト内容

----------

User IP                    ... 125.194.52.146
User Agent                 ... Mozilla/5.0 (Macintosh; Intel Mac OS X 10_15_7) AppleWebKit/537.36 (KHTML, like Gecko) Chrome/137.0.0.0 Safari/537.36
Request URI                ... /gc/tryjob_care/index.php?app_controller=edit&type=page&id=P00001
Working Directory(init)    ... /home/valentiaweb/valentia.design/public_html/childcare.try-job.com
Working Directory(current) ... /home/valentiaweb/valentia.design/public_html/childcare.try-job.com

----------

GET     ... a:3:{s:14:"app_controller";s:4:"edit";s:4:"type";s:4:"page";s:2:"id";s:6:"P00001";}
POST    ... a:0:{}
SESSION ... a:64:{s:3:"jc2";s:3:"mid";s:0:"";s:32:"f59422dc968f2b56e5a7df5bdff68a43";s:18:"search_query_index";s:1:"7";s:17:"search_query_hash";a:7:{s:40:"0d66e76007870e9b1ff9a8fb1f7498400174955b";s:1:"0";s:40:"0d82c89ab632b0599c4685c592d43f8629dd6d32";s:1:"1";s:40:"a48fa8e72c5867e9f9e09caf423619896de7a5ab";s:1:"2";s:40:"8b516822c5a6aa70c139f69c41bea9faec13be09";s:1:"3";s:40:"03691c54dd34b71f6a70da3a820a87c2a8c803d3";s:1:"4";s:40:"bf7ba991032f4324599e2cc52310282e6d702898";s:1:"5";s:40:"9e8de3b96a9b4a738216e234d21149fbe21d925c";s:1:"6";}s:12:"search_query";a:7:{i:0;a:6:{s:4:"type";s:7:"article";s:3:"run";s:4:"true";s:4:"mode";s:3:"top";s:7:"embedID";s:14:"article_simple";s:3:"num";s:1:"6";s:1:"q";s:1:"0";}i:1;a:7:{s:4:"type";s:7:"article";s:3:"run";s:4:"true";s:4:"mode";s:3:"top";s:7:"embedID";s:14:"article_simple";s:3:"num";s:1:"3";s:8:"category";s:10:"7aa03c3c18";s:1:"q";s:1:"1";}i:2;a:6:{s:4:"type";s:7:"article";s:3:"run";s:4:"true";s:4:"mode";s:3:"top";s:7:"embedID";s:14:"article_simple";s:3:"num";s:1:"3";s:1:"q";s:1:"2";}i:3;a:8:{s:4:"type";s:20:"article_relationship";s:9:"listingID";s:12:"categoryList";s:3:"run";s:4:"true";s:11:"original_id";s:10:"0000000007";s:17:"relationship_type";s:8:"category";s:4:"sort";s:9:"shadow_id";s:8:"sort_PAL";s:3:"asc";s:1:"q";s:1:"3";}i:4;a:7:{s:4:"type";s:7:"article";s:3:"run";s:4:"true";s:9:"listingID";s:10:"newArticle";s:3:"row";s:1:"5";s:4:"sort";s:9:"shadow_id";s:8:"sort_PAL";s:3:"asc";s:1:"q";s:1:"4";}i:5;a:11:{s:4:"type";s:7:"article";s:3:"run";s:4:"true";s:2:"id";s:10:"0000000007";s:6:"id_PAL";a:1:{i:0;s:9:"match not";}s:17:"category_CHECKBOX";s:0:"";s:12:"category_PAL";a:1:{i:0;s:8:"match in";}s:9:"listingID";s:16:"frameListArticle";s:3:"row";s:1:"5";s:4:"sort";s:9:"shadow_id";s:8:"sort_PAL";s:3:"asc";s:1:"q";s:1:"5";}i:6;a:6:{s:4:"type";s:16:"article_category";s:9:"listingID";s:5:"cList";s:3:"run";s:4:"true";s:4:"sort";s:9:"shadow_id";s:8:"sort_PAL";s:3:"asc";s:1:"q";s:1:"6";}}s:18:"jc2__system_path__";s:19:"/gc/tryjob_medical/";s:10:"jc2loginid";s:5:"ADMIN";s:12:"jc2logintype";s:5:"admin";s:11:"admin_count";s:12:"0/1749447925";s:51:"authenticity_token_a97ac429476f18438c0f49abfaf17f48";s:32:"a97ac429476f18438c0f49abfaf17f48";s:51:"authenticity_token_d803c30921bba612f2ad0d414baabf9e";s:32:"d803c30921bba612f2ad0d414baabf9e";s:51:"authenticity_token_0bff43e096838355ecdd2f98af24a6bb";s:32:"0bff43e096838355ecdd2f98af24a6bb";s:51:"authenticity_token_7734d9489562b39a5ad7e77615bff9f2";s:32:"7734d9489562b39a5ad7e77615bff9f2";s:51:"authenticity_token_f5def2dfe484903ce066f07dca1c2ccd";s:32:"f5def2dfe484903ce066f07dca1c2ccd";s:51:"authenticity_token_1c3eb5bfd06630f9c092e0082c95b6ab";s:32:"1c3eb5bfd06630f9c092e0082c95b6ab";s:51:"authenticity_token_d9b255587085ecf2d5f3bed069784863";s:32:"d9b255587085ecf2d5f3bed069784863";s:51:"authenticity_token_dc1e50f60f3cde6694158596a7f86776";s:32:"dc1e50f60f3cde6694158596a7f86776";s:51:"authenticity_token_3d304e102884bef13f65728932eaaab7";s:32:"3d304e102884bef13f65728932eaaab7";s:51:"authenticity_token_27e5602b33b5afdf8024c545e19a61f4";s:32:"27e5602b33b5afdf8024c545e19a61f4";s:51:"authenticity_token_b57cf9455f437d239ed01984ca172f13";s:32:"b57cf9455f437d239ed01984ca172f13";s:51:"authenticity_token_ef74f871b80d51fe06a6bd9a5852a454";s:32:"ef74f871b80d51fe06a6bd9a5852a454";s:51:"authenticity_token_febc2aa7264deb8a947c3566c8df3baf";s:32:"febc2aa7264deb8a947c3566c8df3baf";s:51:"authenticity_token_f9bb2dc86e119a26872287bfd8b759c8";s:32:"f9bb2dc86e119a26872287bfd8b759c8";s:51:"authenticity_token_ea84591e69c1e2e86c3c1bb94f9bfee8";s:32:"ea84591e69c1e2e86c3c1bb94f9bfee8";s:51:"authenticity_token_0af9a3d515a6a3c4cdded63298987947";s:32:"0af9a3d515a6a3c4cdded63298987947";s:51:"authenticity_token_81b6edb0ea5ced5eb5d5b114d22b2a69";s:32:"81b6edb0ea5ced5eb5d5b114d22b2a69";s:51:"authenticity_token_fc7f12730a30df148b3de1deeb4b24b6";s:32:"fc7f12730a30df148b3de1deeb4b24b6";s:51:"authenticity_token_29c9ca3bad36e8526cb344bf8e06aa46";s:32:"29c9ca3bad36e8526cb344bf8e06aa46";s:51:"authenticity_token_6b525a8876f891b6d023926cc54a0b5c";s:32:"6b525a8876f891b6d023926cc54a0b5c";s:51:"authenticity_token_e2e820e655e8d822b1698abed5af55ae";s:32:"e2e820e655e8d822b1698abed5af55ae";s:51:"authenticity_token_11f1d60b403c646f8e3e7eecd9b0d649";s:32:"11f1d60b403c646f8e3e7eecd9b0d649";s:51:"authenticity_token_aea848c99274b9e87e283dc0787dc734";s:32:"aea848c99274b9e87e283dc0787dc734";s:51:"authenticity_token_bf616cc3afb4a8fa2c2df6c33d9276d8";s:32:"bf616cc3afb4a8fa2c2df6c33d9276d8";s:51:"authenticity_token_074642b517176f53500be77c3a0379e7";s:32:"074642b517176f53500be77c3a0379e7";s:51:"authenticity_token_f25b8ebb8a56befaad4c206510e93a70";s:32:"f25b8ebb8a56befaad4c206510e93a70";s:51:"authenticity_token_0ed3d86ba9ffc96b8c3ffae8a8f24999";s:32:"0ed3d86ba9ffc96b8c3ffae8a8f24999";s:51:"authenticity_token_0599d8437d160708317b6b593e61e975";s:32:"0599d8437d160708317b6b593e61e975";s:51:"authenticity_token_6ee1f0b87778f428ea73ebd211603bea";s:32:"6ee1f0b87778f428ea73ebd211603bea";s:51:"authenticity_token_aea1c76fc5904812c9a74247c3b3ba9f";s:32:"aea1c76fc5904812c9a74247c3b3ba9f";s:51:"authenticity_token_adbb7520e9d492e29ae56d754aeec69e";s:32:"adbb7520e9d492e29ae56d754aeec69e";s:51:"authenticity_token_aad4f93c13512ddf09dde01ffbf0651b";s:32:"aad4f93c13512ddf09dde01ffbf0651b";s:51:"authenticity_token_8e93a34091760ba9406723120c98f06c";s:32:"8e93a34091760ba9406723120c98f06c";s:51:"authenticity_token_b387eb6a48eadf61b493b634ca0b8f7f";s:32:"b387eb6a48eadf61b493b634ca0b8f7f";s:51:"authenticity_token_14237d3d10dcd71f93266e425cffc5f7";s:32:"14237d3d10dcd71f93266e425cffc5f7";s:51:"authenticity_token_844e8d25ebed59c7d92ef3eba85ce7d1";s:32:"844e8d25ebed59c7d92ef3eba85ce7d1";s:51:"authenticity_token_fde4f7c2dae6cc3e2edc6b8468f97a02";s:32:"fde4f7c2dae6cc3e2edc6b8468f97a02";s:51:"authenticity_token_53107d90301b55274fac7d069fca7e9e";s:32:"53107d90301b55274fac7d069fca7e9e";s:51:"authenticity_token_135924764393654221fe24766de6be1d";s:32:"135924764393654221fe24766de6be1d";s:51:"authenticity_token_b9d1c8af9696b01a1df57694822521e1";s:32:"b9d1c8af9696b01a1df57694822521e1";s:51:"authenticity_token_ffbf84aafd4a7b22f03020adeae2952c";s:32:"ffbf84aafd4a7b22f03020adeae2952c";s:51:"authenticity_token_8692b3cf9d3731774e8bfdd7cd97351c";s:32:"8692b3cf9d3731774e8bfdd7cd97351c";s:51:"authenticity_token_944af0a5a3f87ed87bd4a9327aaf9585";s:32:"944af0a5a3f87ed87bd4a9327aaf9585";s:51:"authenticity_token_d4f73faa1f75901cd18762c3ad17de41";s:32:"d4f73faa1f75901cd18762c3ad17de41";s:51:"authenticity_token_6f8c3b0ebe7ccc32ac6328f7ddac6693";s:32:"6f8c3b0ebe7ccc32ac6328f7ddac6693";s:51:"authenticity_token_f3e428fc37d8afe273eeb5a6a13df051";s:32:"f3e428fc37d8afe273eeb5a6a13df051";s:51:"authenticity_token_63de25438ebb3d2300721bb6017ea4e9";s:32:"63de25438ebb3d2300721bb6017ea4e9";s:51:"authenticity_token_a1095c997ee9b8fd74b61c99f39065e1";s:32:"a1095c997ee9b8fd74b61c99f39065e1";s:51:"authenticity_token_7535a5f2f2ec7d053f962eca56c03a66";s:32:"7535a5f2f2ec7d053f962eca56c03a66";s:51:"authenticity_token_28fdbba6fb919313c5947333ad3cf0bc";s:32:"28fdbba6fb919313c5947333ad3cf0bc";s:51:"authenticity_token_307d24b35cd91957c3ecfd279b8cd424";s:32:"307d24b35cd91957c3ecfd279b8cd424";s:51:"authenticity_token_8e191f7b513d5af0f6e72167228d6071";s:32:"8e191f7b513d5af0f6e72167228d6071";s:51:"authenticity_token_c144e7a7f37948e2ddf598fc97522093";s:32:"c144e7a7f37948e2ddf598fc97522093";s:51:"authenticity_token_d99e1e422aab2525279e0cd6cb926788";s:32:"d99e1e422aab2525279e0cd6cb926788";s:51:"authenticity_token_c770958b0e421a2790ddddabbad35ae5";s:32:"c770958b0e421a2790ddddabbad35ae5";}
COOKIE  ... a:1:{s:9:"PHPSESSID";s:32:"7443b495f803bfe678dc82327c076e0e";}

-----------------------------------------------------

▼ 18時33分22秒 のエラーメッセージ

----------

error : systemのレコード編集権限がありません。[array(2)]
on    : /home/valentiaweb/valentia.design/public_html/childcare.try-job.com/include/extends/Exception/ConceptBase.php 182
trace : 
[error point]
↑
ConceptBase::CreateExceptionObject( 'IllegalAccessException' , 'systemのレコード編集権限がありません。[array(2)]' )
		 ... on : /home/valentiaweb/valentia.design/public_html/childcare.try-job.com/include/extends/Exception/ConceptBase.php 31
↑
ConceptBase::OrThrow( 'IllegalAccess' )
		 ... on : /home/valentiaweb/valentia.design/public_html/childcare.try-job.com/include/mvc/edit/model.php 186
↑
AppEditModel::__construct(  )
		 ... on : /home/valentiaweb/valentia.design/public_html/childcare.try-job.com/include/mvc/base/controller.php 32
↑
AppBaseController::__construct(  )
		 ... on : /home/valentiaweb/valentia.design/public_html/childcare.try-job.com/include/mvc/edit/controller.php 94
↑
AppEditController::__construct(  )
		 ... on : /home/valentiaweb/valentia.design/public_html/childcare.try-job.com/include/mvc/mvc.php 36
↑
MVC::Call( 'edit' , 'system' )
		 ... on : /home/valentiaweb/valentia.design/public_html/childcare.try-job.com/index.php 13

----------

▼リクエスト内容

----------

User IP                    ... 119.240.41.109
User Agent                 ... Mozilla/5.0 (Macintosh; Intel Mac OS X 10_15_7) AppleWebKit/537.36 (KHTML, like Gecko) Chrome/137.0.0.0 Safari/537.36
Request URI                ... /gc/tryjob_childcare/index.php?app_controller=edit&type=system&id=ADMIN&by=check
Working Directory(init)    ... /home/valentiaweb/valentia.design/public_html/childcare.try-job.com
Working Directory(current) ... /home/valentiaweb/valentia.design/public_html/childcare.try-job.com

----------

GET     ... a:4:{s:14:"app_controller";s:4:"edit";s:4:"type";s:6:"system";s:2:"id";s:5:"ADMIN";s:2:"by";s:5:"check";}
POST    ... a:0:{}
SESSION ... a:39:{s:3:"jc2";s:3:"mid";s:51:"authenticity_token_6fa2793e00d4552fef3bb441dad835c0";s:32:"6fa2793e00d4552fef3bb441dad835c0";s:51:"authenticity_token_c7df0f692ed3229157c25b73fdb1e42d";s:32:"c7df0f692ed3229157c25b73fdb1e42d";s:18:"search_query_index";s:1:"6";s:17:"search_query_hash";a:6:{s:40:"0d82c89ab632b0599c4685c592d43f8629dd6d32";s:1:"0";s:40:"0d66e76007870e9b1ff9a8fb1f7498400174955b";s:1:"1";s:40:"3c86c0019953830692a034d9c77157d1254adf7c";s:1:"2";s:40:"a48fa8e72c5867e9f9e09caf423619896de7a5ab";s:1:"3";s:40:"9377109d7ea5f54393ac33888974531cbf444dbf";s:1:"4";s:40:"d58cc25c65d435b49b7f09b56bcc7f595f7daf77";s:1:"5";}s:12:"search_query";a:6:{i:0;a:7:{s:4:"type";s:7:"article";s:3:"run";s:4:"true";s:4:"mode";s:3:"top";s:7:"embedID";s:14:"article_simple";s:3:"num";s:1:"3";s:8:"category";s:10:"7aa03c3c18";s:1:"q";s:1:"0";}i:1;a:6:{s:4:"type";s:7:"article";s:3:"run";s:4:"true";s:4:"mode";s:3:"top";s:7:"embedID";s:14:"article_simple";s:3:"num";s:1:"6";s:1:"q";s:1:"1";}i:2;a:7:{s:4:"type";s:3:"mid";s:3:"run";s:4:"true";s:4:"sort";s:6:"regist";s:8:"sort_PAL";s:4:"desc";s:7:"history";s:2:"on";s:7:"embedID";s:13:"history_items";s:1:"q";s:1:"2";}i:3;a:6:{s:4:"type";s:7:"article";s:3:"run";s:4:"true";s:4:"mode";s:3:"top";s:7:"embedID";s:14:"article_simple";s:3:"num";s:1:"3";s:1:"q";s:1:"3";}i:4;a:7:{s:4:"type";s:4:"clip";s:3:"run";s:4:"true";s:7:"user_id";s:8:"N0000001";s:11:"user_id_PAL";a:1:{i:0;s:10:"match comp";}s:3:"pal";s:3:"mid";s:7:"embedID";s:11:"clip_simple";s:1:"q";s:1:"4";}i:5;a:7:{s:4:"type";s:3:"mid";s:3:"run";s:4:"true";s:4:"sort";s:6:"regist";s:8:"sort_PAL";s:4:"desc";s:7:"history";s:2:"on";s:7:"embedID";s:18:"side_history_items";s:1:"q";s:1:"5";}}s:51:"authenticity_token_9f7fb47e9ccceaf625c837bf8f2f8470";s:32:"9f7fb47e9ccceaf625c837bf8f2f8470";s:51:"authenticity_token_7b3a4d1b1e885d896550bd4c0c76a381";s:32:"7b3a4d1b1e885d896550bd4c0c76a381";s:51:"authenticity_token_99a849cd9decffada258d8b713dc599d";s:32:"99a849cd9decffada258d8b713dc599d";s:51:"authenticity_token_d7105093009924e82f12c4d085df751b";s:32:"d7105093009924e82f12c4d085df751b";s:51:"authenticity_token_650e914d72999fd188598918b513ea40";s:32:"650e914d72999fd188598918b513ea40";s:51:"authenticity_token_59af646018099c820c2c285a8675cb2d";s:32:"59af646018099c820c2c285a8675cb2d";s:18:"jc2__system_path__";s:16:"/gc/tryjob_care/";s:10:"jc2loginid";s:5:"ADMIN";s:12:"jc2logintype";s:5:"admin";s:11:"admin_count";s:12:"0/1750930348";s:51:"authenticity_token_8639cb20cfd94460d60a106fd9889700";s:32:"8639cb20cfd94460d60a106fd9889700";s:51:"authenticity_token_c7b9f05cf80b550391402761c2ecbc7d";s:32:"c7b9f05cf80b550391402761c2ecbc7d";s:8:"N0000001";s:3:"mid";s:51:"authenticity_token_3cb79d58663b58e7f2bba99bee6a85b2";s:32:"3cb79d58663b58e7f2bba99bee6a85b2";s:51:"authenticity_token_912672537ee0ec6bf1e8b811238b8995";s:32:"912672537ee0ec6bf1e8b811238b8995";s:51:"authenticity_token_d0f0c6ecbe39fecfe46eebe15165576d";s:32:"d0f0c6ecbe39fecfe46eebe15165576d";s:51:"authenticity_token_1a6bd3db7265b85859bc510a782e6ab8";s:32:"1a6bd3db7265b85859bc510a782e6ab8";s:51:"authenticity_token_0ee3ee7a500b9c70d90e1406bca05776";s:32:"0ee3ee7a500b9c70d90e1406bca05776";s:51:"authenticity_token_93528d29465dcfd98ba03a04d91ec63a";s:32:"93528d29465dcfd98ba03a04d91ec63a";s:51:"authenticity_token_37fd60a72350c1c32d280cc95c8e1bb6";s:32:"37fd60a72350c1c32d280cc95c8e1bb6";s:51:"authenticity_token_d8b8be089031cac128e75a0c010af713";s:32:"d8b8be089031cac128e75a0c010af713";s:41:"async_cc_1380470be2c0b9bef6e1564af9e3ece6";s:87:"<!--# code embedSearch type=article&run=true&mode=top&embedID=article_simple&num=6 #-->";s:41:"async_cc_4e104fb3c61710046a6590a48ec98089";s:107:"<!--# code embedSearch type=article&run=true&mode=top&embedID=article_simple&num=3&category=7aa03c3c18 #-->";s:41:"async_cc_a67c80a9353e46f31de5d637b0f70d44";s:87:"<!--# code embedSearch type=article&run=true&mode=top&embedID=article_simple&num=6 #-->";s:41:"async_cc_1d9068217aeb957e95f7a55fca9f2fc3";s:107:"<!--# code embedSearch type=article&run=true&mode=top&embedID=article_simple&num=3&category=7aa03c3c18 #-->";s:15:"firstToolAccess";s:1:"1";s:16:"loginedAdminTool";s:1:"1";s:51:"authenticity_token_a763786e86781bedaaed348e089ef5f2";s:32:"a763786e86781bedaaed348e089ef5f2";s:51:"authenticity_token_6c5b6540533ac4994edaec3084ffb5d3";s:32:"6c5b6540533ac4994edaec3084ffb5d3";s:51:"authenticity_token_ca866280b69f26139e11133a1c384353";s:32:"ca866280b69f26139e11133a1c384353";s:0:"";s:32:"0efbfc56e58f12ba10b53b92898847e0";s:51:"authenticity_token_dbcdf7dcc816d4d46540dee419dea3e7";s:32:"dbcdf7dcc816d4d46540dee419dea3e7";s:51:"authenticity_token_0c59f81f44472dd8e6ad6ae58f52ce0a";s:32:"0c59f81f44472dd8e6ad6ae58f52ce0a";}
COOKIE  ... a:1:{s:9:"PHPSESSID";s:32:"8361d066f3c7b04b110b40b7ae544a6a";}

-----------------------------------------------------

▼ 17時10分44秒 のエラーメッセージ

----------

error : systemのレコード編集権限がありません。[array(2)]
on    : /home/valentiaweb/valentia.design/public_html/childcare.try-job.com/include/extends/Exception/ConceptBase.php 182
trace : 
[error point]
↑
ConceptBase::CreateExceptionObject( 'IllegalAccessException' , 'systemのレコード編集権限がありません。[array(2)]' )
		 ... on : /home/valentiaweb/valentia.design/public_html/childcare.try-job.com/include/extends/Exception/ConceptBase.php 31
↑
ConceptBase::OrThrow( 'IllegalAccess' )
		 ... on : /home/valentiaweb/valentia.design/public_html/childcare.try-job.com/include/mvc/edit/model.php 186
↑
AppEditModel::__construct(  )
		 ... on : /home/valentiaweb/valentia.design/public_html/childcare.try-job.com/include/mvc/base/controller.php 32
↑
AppBaseController::__construct(  )
		 ... on : /home/valentiaweb/valentia.design/public_html/childcare.try-job.com/include/mvc/edit/controller.php 94
↑
AppEditController::__construct(  )
		 ... on : /home/valentiaweb/valentia.design/public_html/childcare.try-job.com/include/mvc/mvc.php 36
↑
MVC::Call( 'edit' , 'system' )
		 ... on : /home/valentiaweb/valentia.design/public_html/childcare.try-job.com/index.php 13

----------

▼リクエスト内容

----------

User IP                    ... 138.64.113.185
User Agent                 ... Mozilla/5.0 (Macintosh; Intel Mac OS X 10_15_7) AppleWebKit/537.36 (KHTML, like Gecko) Chrome/137.0.0.0 Safari/537.36
Request URI                ... /gc/tryjob_childcare/index.php?app_controller=edit&type=system&id=ADMIN
Working Directory(init)    ... /home/valentiaweb/valentia.design/public_html/childcare.try-job.com
Working Directory(current) ... /home/valentiaweb/valentia.design/public_html/childcare.try-job.com

----------

GET     ... a:3:{s:14:"app_controller";s:4:"edit";s:4:"type";s:6:"system";s:2:"id";s:5:"ADMIN";}
POST    ... a:0:{}
SESSION ... a:26:{s:3:"jc2";s:3:"mid";s:0:"";s:32:"9eb57049d2610109b07d3ec85e42ef36";s:51:"authenticity_token_392b87f4e0555c0faa2af0dea8596587";s:32:"392b87f4e0555c0faa2af0dea8596587";s:18:"search_query_index";s:2:"12";s:17:"search_query_hash";a:12:{s:40:"0d82c89ab632b0599c4685c592d43f8629dd6d32";s:1:"0";s:40:"0d66e76007870e9b1ff9a8fb1f7498400174955b";s:1:"1";s:40:"a48fa8e72c5867e9f9e09caf423619896de7a5ab";s:1:"2";s:40:"8b516822c5a6aa70c139f69c41bea9faec13be09";s:1:"3";s:40:"03691c54dd34b71f6a70da3a820a87c2a8c803d3";s:1:"4";s:40:"bf7ba991032f4324599e2cc52310282e6d702898";s:1:"5";s:40:"9e8de3b96a9b4a738216e234d21149fbe21d925c";s:1:"6";s:40:"9377109d7ea5f54393ac33888974531cbf444dbf";s:1:"7";s:40:"d58cc25c65d435b49b7f09b56bcc7f595f7daf77";s:1:"8";s:40:"c8ca21a98354b16577abc654452401ee92b55322";s:1:"9";s:40:"17cb4ae5af8016e02a4045f469aca05379a73302";s:2:"10";s:40:"4636d9f906e29e8286005651af1f5cea10ac9c71";s:2:"11";}s:12:"search_query";a:12:{i:0;a:7:{s:4:"type";s:7:"article";s:3:"run";s:4:"true";s:4:"mode";s:3:"top";s:7:"embedID";s:14:"article_simple";s:3:"num";s:1:"3";s:8:"category";s:10:"7aa03c3c18";s:1:"q";s:1:"0";}i:1;a:6:{s:4:"type";s:7:"article";s:3:"run";s:4:"true";s:4:"mode";s:3:"top";s:7:"embedID";s:14:"article_simple";s:3:"num";s:1:"6";s:1:"q";s:1:"1";}i:2;a:6:{s:4:"type";s:7:"article";s:3:"run";s:4:"true";s:4:"mode";s:3:"top";s:7:"embedID";s:14:"article_simple";s:3:"num";s:1:"3";s:1:"q";s:1:"2";}i:3;a:8:{s:4:"type";s:20:"article_relationship";s:9:"listingID";s:12:"categoryList";s:3:"run";s:4:"true";s:11:"original_id";s:10:"0000000007";s:17:"relationship_type";s:8:"category";s:4:"sort";s:9:"shadow_id";s:8:"sort_PAL";s:3:"asc";s:1:"q";s:1:"3";}i:4;a:7:{s:4:"type";s:7:"article";s:3:"run";s:4:"true";s:9:"listingID";s:10:"newArticle";s:3:"row";s:1:"5";s:4:"sort";s:9:"shadow_id";s:8:"sort_PAL";s:3:"asc";s:1:"q";s:1:"4";}i:5;a:11:{s:4:"type";s:7:"article";s:3:"run";s:4:"true";s:2:"id";s:10:"0000000007";s:6:"id_PAL";a:1:{i:0;s:9:"match not";}s:17:"category_CHECKBOX";s:0:"";s:12:"category_PAL";a:1:{i:0;s:8:"match in";}s:9:"listingID";s:16:"frameListArticle";s:3:"row";s:1:"5";s:4:"sort";s:9:"shadow_id";s:8:"sort_PAL";s:3:"asc";s:1:"q";s:1:"5";}i:6;a:6:{s:4:"type";s:16:"article_category";s:9:"listingID";s:5:"cList";s:3:"run";s:4:"true";s:4:"sort";s:9:"shadow_id";s:8:"sort_PAL";s:3:"asc";s:1:"q";s:1:"6";}i:7;a:7:{s:4:"type";s:4:"clip";s:3:"run";s:4:"true";s:7:"user_id";s:8:"N0000001";s:11:"user_id_PAL";a:1:{i:0;s:10:"match comp";}s:3:"pal";s:3:"mid";s:7:"embedID";s:11:"clip_simple";s:1:"q";s:1:"7";}i:8;a:7:{s:4:"type";s:3:"mid";s:3:"run";s:4:"true";s:4:"sort";s:6:"regist";s:8:"sort_PAL";s:4:"desc";s:7:"history";s:2:"on";s:7:"embedID";s:18:"side_history_items";s:1:"q";s:1:"8";}i:9;a:7:{s:4:"type";s:7:"pay_job";s:3:"run";s:4:"true";s:7:"pay_flg";s:4:"true";s:11:"pay_flg_PAL";a:1:{i:0;s:10:"match comp";}s:7:"embedID";s:10:"pay_simple";s:3:"max";s:5:"label";s:1:"q";s:1:"9";}i:10;a:8:{s:4:"type";s:6:"resume";s:3:"run";s:4:"true";s:7:"publish";s:2:"on";s:11:"publish_PAL";a:1:{i:0;s:10:"match comp";}s:4:"sort";s:6:"regist";s:8:"sort_PAL";s:4:"desc";s:7:"embedID";s:13:"resume_simple";s:1:"q";s:2:"10";}i:11;a:7:{s:4:"type";s:7:"pay_job";s:3:"run";s:4:"true";s:7:"pay_flg";s:4:"true";s:11:"pay_flg_PAL";a:1:{i:0;s:10:"match comp";}s:7:"embedID";s:10:"pay_simple";s:3:"max";s:9:"attention";s:1:"q";s:2:"11";}}s:18:"jc2__system_path__";s:16:"/gc/tryjob_care/";s:10:"jc2loginid";s:8:"C0039350";s:12:"jc2logintype";s:5:"cUser";s:11:"admin_count";s:12:"0/1751271021";s:51:"authenticity_token_78fca25cee806e4a0303a6651ad39dea";s:32:"78fca25cee806e4a0303a6651ad39dea";s:51:"authenticity_token_fb44bf75a62c1a5171c9b54e66099e28";s:32:"fb44bf75a62c1a5171c9b54e66099e28";s:51:"authenticity_token_2d9645b08c7896fbb85968ec1f7c4c20";s:32:"2d9645b08c7896fbb85968ec1f7c4c20";s:51:"authenticity_token_cb60d133e66854d7d586836893b1c38a";s:32:"cb60d133e66854d7d586836893b1c38a";s:51:"authenticity_token_3c70d83bf95431a436bfa1d9ee018699";s:32:"3c70d83bf95431a436bfa1d9ee018699";s:51:"authenticity_token_41a342228812236a29c38b3a0eb31f17";s:32:"41a342228812236a29c38b3a0eb31f17";s:51:"authenticity_token_b6b32d9c905d75505f6e6f6c9bc8c4e2";s:32:"b6b32d9c905d75505f6e6f6c9bc8c4e2";s:51:"authenticity_token_b9812dc2d698f23bfc13c090e03fa2ec";s:32:"b9812dc2d698f23bfc13c090e03fa2ec";s:51:"authenticity_token_8ad048b90935f8f10e4eb78456f403a0";s:32:"8ad048b90935f8f10e4eb78456f403a0";s:51:"authenticity_token_b5efd17ad370dcd64ec017187bfb1fc3";s:32:"b5efd17ad370dcd64ec017187bfb1fc3";s:51:"authenticity_token_7d6316260b73c474fb1ded08cbf74b05";s:32:"7d6316260b73c474fb1ded08cbf74b05";s:8:"N0000001";s:3:"mid";s:51:"authenticity_token_bfcfeca3e15dbe3102813ac0c94a0cb5";s:32:"bfcfeca3e15dbe3102813ac0c94a0cb5";s:51:"authenticity_token_56f6ddef7ba39eda6e99baf956e5f134";s:32:"56f6ddef7ba39eda6e99baf956e5f134";s:11:"cUser_count";s:12:"0/1751271028";s:10:"ADMIN_MODE";s:1:"1";}
COOKIE  ... a:13:{s:10:"_yjsu_yjad";s:47:"1743409738.2046834d-b23f-4413-b4a7-8d7f125007e4";s:7:"_im_vid";s:26:"01JQNN2WVPDDT1C7PQ9KWA72QF";s:11:"__td_signed";s:4:"true";s:5:"_clck";s:18:"22105|2|fvx|0|1916";s:3:"_ga";s:25:"GA1.1.83690862.1743409738";s:14:"_ga_N7FZ6TTKZ0";s:45:"GS2.2.s1747286157$o11$g1$t1747287232$j0$l0$h0";s:8:"dc_cl_id";s:16:"ZKeIvbtHBJIyc8iw";s:3:"_td";s:36:"8c14e5c4-03fe-4b69-84eb-fc554b95fc1d";s:5:"_dcam";s:36:"335ad656-81c2-4e1c-86c4-32be7bb94066";s:14:"_ga_62TK9SQRLY";s:46:"GS2.1.s1747286157$o12$g1$t1747287499$j60$l0$h0";s:14:"_ga_7B5VJP678Q";s:46:"GS2.1.s1747286157$o12$g1$t1747287499$j60$l0$h0";s:14:"_ga_B5LY23B6YZ";s:90:"GS2.1.s1747710924$o2$g0$t1747710924$j60$l0$h1066450662$dE0s_xZgKCTssA3HOk1nNCnyg-W235CDT-w";s:9:"PHPSESSID";s:32:"609bfedbc36f00667d9dd86331e6a7a9";}

-----------------------------------------------------

▼ 17時10分48秒 のエラーメッセージ

----------

error : systemのレコード編集権限がありません。[array(2)]
on    : /home/valentiaweb/valentia.design/public_html/childcare.try-job.com/include/extends/Exception/ConceptBase.php 182
trace : 
[error point]
↑
ConceptBase::CreateExceptionObject( 'IllegalAccessException' , 'systemのレコード編集権限がありません。[array(2)]' )
		 ... on : /home/valentiaweb/valentia.design/public_html/childcare.try-job.com/include/extends/Exception/ConceptBase.php 31
↑
ConceptBase::OrThrow( 'IllegalAccess' )
		 ... on : /home/valentiaweb/valentia.design/public_html/childcare.try-job.com/include/mvc/edit/model.php 186
↑
AppEditModel::__construct(  )
		 ... on : /home/valentiaweb/valentia.design/public_html/childcare.try-job.com/include/mvc/base/controller.php 32
↑
AppBaseController::__construct(  )
		 ... on : /home/valentiaweb/valentia.design/public_html/childcare.try-job.com/include/mvc/edit/controller.php 94
↑
AppEditController::__construct(  )
		 ... on : /home/valentiaweb/valentia.design/public_html/childcare.try-job.com/include/mvc/mvc.php 36
↑
MVC::Call( 'edit' , 'system' )
		 ... on : /home/valentiaweb/valentia.design/public_html/childcare.try-job.com/index.php 13

----------

▼リクエスト内容

----------

User IP                    ... 138.64.113.185
User Agent                 ... Mozilla/5.0 (Macintosh; Intel Mac OS X 10_15_7) AppleWebKit/537.36 (KHTML, like Gecko) Chrome/137.0.0.0 Safari/537.36
Request URI                ... /gc/tryjob_childcare/index.php?app_controller=edit&type=system&id=ADMIN
Working Directory(init)    ... /home/valentiaweb/valentia.design/public_html/childcare.try-job.com
Working Directory(current) ... /home/valentiaweb/valentia.design/public_html/childcare.try-job.com

----------

GET     ... a:3:{s:14:"app_controller";s:4:"edit";s:4:"type";s:6:"system";s:2:"id";s:5:"ADMIN";}
POST    ... a:0:{}
SESSION ... a:26:{s:3:"jc2";s:3:"mid";s:0:"";s:32:"9eb57049d2610109b07d3ec85e42ef36";s:51:"authenticity_token_392b87f4e0555c0faa2af0dea8596587";s:32:"392b87f4e0555c0faa2af0dea8596587";s:18:"search_query_index";s:2:"12";s:17:"search_query_hash";a:12:{s:40:"0d82c89ab632b0599c4685c592d43f8629dd6d32";s:1:"0";s:40:"0d66e76007870e9b1ff9a8fb1f7498400174955b";s:1:"1";s:40:"a48fa8e72c5867e9f9e09caf423619896de7a5ab";s:1:"2";s:40:"8b516822c5a6aa70c139f69c41bea9faec13be09";s:1:"3";s:40:"03691c54dd34b71f6a70da3a820a87c2a8c803d3";s:1:"4";s:40:"bf7ba991032f4324599e2cc52310282e6d702898";s:1:"5";s:40:"9e8de3b96a9b4a738216e234d21149fbe21d925c";s:1:"6";s:40:"9377109d7ea5f54393ac33888974531cbf444dbf";s:1:"7";s:40:"d58cc25c65d435b49b7f09b56bcc7f595f7daf77";s:1:"8";s:40:"c8ca21a98354b16577abc654452401ee92b55322";s:1:"9";s:40:"17cb4ae5af8016e02a4045f469aca05379a73302";s:2:"10";s:40:"4636d9f906e29e8286005651af1f5cea10ac9c71";s:2:"11";}s:12:"search_query";a:12:{i:0;a:7:{s:4:"type";s:7:"article";s:3:"run";s:4:"true";s:4:"mode";s:3:"top";s:7:"embedID";s:14:"article_simple";s:3:"num";s:1:"3";s:8:"category";s:10:"7aa03c3c18";s:1:"q";s:1:"0";}i:1;a:6:{s:4:"type";s:7:"article";s:3:"run";s:4:"true";s:4:"mode";s:3:"top";s:7:"embedID";s:14:"article_simple";s:3:"num";s:1:"6";s:1:"q";s:1:"1";}i:2;a:6:{s:4:"type";s:7:"article";s:3:"run";s:4:"true";s:4:"mode";s:3:"top";s:7:"embedID";s:14:"article_simple";s:3:"num";s:1:"3";s:1:"q";s:1:"2";}i:3;a:8:{s:4:"type";s:20:"article_relationship";s:9:"listingID";s:12:"categoryList";s:3:"run";s:4:"true";s:11:"original_id";s:10:"0000000007";s:17:"relationship_type";s:8:"category";s:4:"sort";s:9:"shadow_id";s:8:"sort_PAL";s:3:"asc";s:1:"q";s:1:"3";}i:4;a:7:{s:4:"type";s:7:"article";s:3:"run";s:4:"true";s:9:"listingID";s:10:"newArticle";s:3:"row";s:1:"5";s:4:"sort";s:9:"shadow_id";s:8:"sort_PAL";s:3:"asc";s:1:"q";s:1:"4";}i:5;a:11:{s:4:"type";s:7:"article";s:3:"run";s:4:"true";s:2:"id";s:10:"0000000007";s:6:"id_PAL";a:1:{i:0;s:9:"match not";}s:17:"category_CHECKBOX";s:0:"";s:12:"category_PAL";a:1:{i:0;s:8:"match in";}s:9:"listingID";s:16:"frameListArticle";s:3:"row";s:1:"5";s:4:"sort";s:9:"shadow_id";s:8:"sort_PAL";s:3:"asc";s:1:"q";s:1:"5";}i:6;a:6:{s:4:"type";s:16:"article_category";s:9:"listingID";s:5:"cList";s:3:"run";s:4:"true";s:4:"sort";s:9:"shadow_id";s:8:"sort_PAL";s:3:"asc";s:1:"q";s:1:"6";}i:7;a:7:{s:4:"type";s:4:"clip";s:3:"run";s:4:"true";s:7:"user_id";s:8:"N0000001";s:11:"user_id_PAL";a:1:{i:0;s:10:"match comp";}s:3:"pal";s:3:"mid";s:7:"embedID";s:11:"clip_simple";s:1:"q";s:1:"7";}i:8;a:7:{s:4:"type";s:3:"mid";s:3:"run";s:4:"true";s:4:"sort";s:6:"regist";s:8:"sort_PAL";s:4:"desc";s:7:"history";s:2:"on";s:7:"embedID";s:18:"side_history_items";s:1:"q";s:1:"8";}i:9;a:7:{s:4:"type";s:7:"pay_job";s:3:"run";s:4:"true";s:7:"pay_flg";s:4:"true";s:11:"pay_flg_PAL";a:1:{i:0;s:10:"match comp";}s:7:"embedID";s:10:"pay_simple";s:3:"max";s:5:"label";s:1:"q";s:1:"9";}i:10;a:8:{s:4:"type";s:6:"resume";s:3:"run";s:4:"true";s:7:"publish";s:2:"on";s:11:"publish_PAL";a:1:{i:0;s:10:"match comp";}s:4:"sort";s:6:"regist";s:8:"sort_PAL";s:4:"desc";s:7:"embedID";s:13:"resume_simple";s:1:"q";s:2:"10";}i:11;a:7:{s:4:"type";s:7:"pay_job";s:3:"run";s:4:"true";s:7:"pay_flg";s:4:"true";s:11:"pay_flg_PAL";a:1:{i:0;s:10:"match comp";}s:7:"embedID";s:10:"pay_simple";s:3:"max";s:9:"attention";s:1:"q";s:2:"11";}}s:18:"jc2__system_path__";s:16:"/gc/tryjob_care/";s:10:"jc2loginid";s:8:"C0039350";s:12:"jc2logintype";s:5:"cUser";s:11:"admin_count";s:12:"0/1751271021";s:51:"authenticity_token_78fca25cee806e4a0303a6651ad39dea";s:32:"78fca25cee806e4a0303a6651ad39dea";s:51:"authenticity_token_fb44bf75a62c1a5171c9b54e66099e28";s:32:"fb44bf75a62c1a5171c9b54e66099e28";s:51:"authenticity_token_2d9645b08c7896fbb85968ec1f7c4c20";s:32:"2d9645b08c7896fbb85968ec1f7c4c20";s:51:"authenticity_token_cb60d133e66854d7d586836893b1c38a";s:32:"cb60d133e66854d7d586836893b1c38a";s:51:"authenticity_token_3c70d83bf95431a436bfa1d9ee018699";s:32:"3c70d83bf95431a436bfa1d9ee018699";s:51:"authenticity_token_41a342228812236a29c38b3a0eb31f17";s:32:"41a342228812236a29c38b3a0eb31f17";s:51:"authenticity_token_b6b32d9c905d75505f6e6f6c9bc8c4e2";s:32:"b6b32d9c905d75505f6e6f6c9bc8c4e2";s:51:"authenticity_token_b9812dc2d698f23bfc13c090e03fa2ec";s:32:"b9812dc2d698f23bfc13c090e03fa2ec";s:51:"authenticity_token_8ad048b90935f8f10e4eb78456f403a0";s:32:"8ad048b90935f8f10e4eb78456f403a0";s:51:"authenticity_token_b5efd17ad370dcd64ec017187bfb1fc3";s:32:"b5efd17ad370dcd64ec017187bfb1fc3";s:51:"authenticity_token_7d6316260b73c474fb1ded08cbf74b05";s:32:"7d6316260b73c474fb1ded08cbf74b05";s:8:"N0000001";s:3:"mid";s:51:"authenticity_token_bfcfeca3e15dbe3102813ac0c94a0cb5";s:32:"bfcfeca3e15dbe3102813ac0c94a0cb5";s:51:"authenticity_token_56f6ddef7ba39eda6e99baf956e5f134";s:32:"56f6ddef7ba39eda6e99baf956e5f134";s:11:"cUser_count";s:12:"0/1751271028";s:10:"ADMIN_MODE";s:1:"1";}
COOKIE  ... a:13:{s:10:"_yjsu_yjad";s:47:"1743409738.2046834d-b23f-4413-b4a7-8d7f125007e4";s:7:"_im_vid";s:26:"01JQNN2WVPDDT1C7PQ9KWA72QF";s:11:"__td_signed";s:4:"true";s:5:"_clck";s:18:"22105|2|fvx|0|1916";s:3:"_ga";s:25:"GA1.1.83690862.1743409738";s:14:"_ga_N7FZ6TTKZ0";s:45:"GS2.2.s1747286157$o11$g1$t1747287232$j0$l0$h0";s:8:"dc_cl_id";s:16:"ZKeIvbtHBJIyc8iw";s:3:"_td";s:36:"8c14e5c4-03fe-4b69-84eb-fc554b95fc1d";s:5:"_dcam";s:36:"335ad656-81c2-4e1c-86c4-32be7bb94066";s:14:"_ga_62TK9SQRLY";s:46:"GS2.1.s1747286157$o12$g1$t1747287499$j60$l0$h0";s:14:"_ga_7B5VJP678Q";s:46:"GS2.1.s1747286157$o12$g1$t1747287499$j60$l0$h0";s:14:"_ga_B5LY23B6YZ";s:90:"GS2.1.s1747710924$o2$g0$t1747710924$j60$l0$h1066450662$dE0s_xZgKCTssA3HOk1nNCnyg-W235CDT-w";s:9:"PHPSESSID";s:32:"609bfedbc36f00667d9dd86331e6a7a9";}

-----------------------------------------------------

