▼ 15時35分12秒 のエラーメッセージ

----------

error : pageのレコード編集権限がありません。[array(2)]
on    : /home/xs252061/try-job.com/public_html/care.try-job.com/include/extends/Exception/ConceptBase.php 182
trace : 
[error point]
↑
ConceptBase::CreateExceptionObject( 'IllegalAccessException' , 'pageのレコード編集権限がありません。[array(2)]' )
		 ... on : /home/xs252061/try-job.com/public_html/care.try-job.com/include/extends/Exception/ConceptBase.php 31
↑
ConceptBase::OrThrow( 'IllegalAccess' )
		 ... on : /home/xs252061/try-job.com/public_html/care.try-job.com/include/mvc/edit/model.php 186
↑
AppEditModel::__construct(  )
		 ... on : /home/xs252061/try-job.com/public_html/care.try-job.com/include/mvc/base/controller.php 32
↑
AppBaseController::__construct(  )
		 ... on : /home/xs252061/try-job.com/public_html/care.try-job.com/include/mvc/edit/controller.php 94
↑
AppEditController::__construct(  )
		 ... on : /home/xs252061/try-job.com/public_html/care.try-job.com/include/mvc/mvc.php 36
↑
MVC::Call( 'edit' , 'page' )
		 ... on : /home/xs252061/try-job.com/public_html/care.try-job.com/index.php 13

----------

▼リクエスト内容

----------

User IP                    ... 126.65.153.100
User Agent                 ... Mozilla/5.0 (Macintosh; Intel Mac OS X 10_15_7) AppleWebKit/537.36 (KHTML, like Gecko) Chrome/139.0.0.0 Safari/537.36
Request URI                ... /index.php?app_controller=edit&type=page&id=P00001
Working Directory(init)    ... /home/xs252061/try-job.com/public_html/care.try-job.com
Working Directory(current) ... /home/xs252061/try-job.com/public_html/care.try-job.com

----------

GET     ... a:3:{s:14:"app_controller";s:4:"edit";s:4:"type";s:4:"page";s:2:"id";s:6:"P00001";}
POST    ... a:0:{}
SESSION ... a:5:{s:3:"jc2";s:3:"mid";s:0:"";s:32:"0bab2083fd3a7871ee34abb419dc35d6";s:18:"search_query_index";s:1:"2";s:17:"search_query_hash";a:2:{s:40:"0d66e76007870e9b1ff9a8fb1f7498400174955b";s:1:"0";s:40:"0d82c89ab632b0599c4685c592d43f8629dd6d32";s:1:"1";}s:12:"search_query";a:2:{i:0;a:6:{s:4:"type";s:7:"article";s:3:"run";s:4:"true";s:4:"mode";s:3:"top";s:7:"embedID";s:14:"article_simple";s:3:"num";s:1:"6";s:1:"q";s:1:"0";}i:1;a:7:{s:4:"type";s:7:"article";s:3:"run";s:4:"true";s:4:"mode";s:3:"top";s:7:"embedID";s:14:"article_simple";s:3:"num";s:1:"3";s:8:"category";s:10:"7aa03c3c18";s:1:"q";s:1:"1";}}}
COOKIE  ... a:1:{s:9:"PHPSESSID";s:32:"3c84dabe3518e54bdd8a6ca83a73cabc";}

-----------------------------------------------------

▼ 14時03分44秒 のエラーメッセージ

----------

error : 引数 $iTableName は無効です [mid']
on    : /home/xs252061/try-job.com/public_html/care.try-job.com/include/mvc/mvc.php 27
trace : 
[error point]
↑
MVC::Call( 'info' , 'mid'' )
		 ... on : /home/xs252061/try-job.com/public_html/care.try-job.com/index.php 13

----------

▼リクエスト内容

----------

User IP                    ... 122.161.50.161
User Agent                 ... Mozilla/5.0 (Windows NT 10.0; Win64; x64) AppleWebKit/537.36 (KHTML, like Gecko) Chrome/126.0.0.0 Safari/537.36
Request URI                ... /index.php?app_controller=info&type=mid%27&id=J0000600
Working Directory(init)    ... /home/xs252061/try-job.com/public_html/care.try-job.com
Working Directory(current) ... /home/xs252061/try-job.com/public_html/care.try-job.com

----------

GET     ... a:3:{s:14:"app_controller";s:4:"info";s:4:"type";s:4:"mid'";s:2:"id";s:8:"J0000600";}
POST    ... a:0:{}
SESSION ... a:1:{s:3:"jc2";s:3:"mid";}
COOKIE  ... a:0:{}

-----------------------------------------------------

▼ 14時03分44秒 のエラーメッセージ

----------

error : 対象となるレコードがありません。[array(0)]
on    : /home/xs252061/try-job.com/public_html/care.try-job.com/include/extends/Exception/ConceptBase.php 182
trace : 
[error point]
↑
ConceptBase::CreateExceptionObject( 'RecordNotFoundException' , '対象となるレコードがありません。[array(0)]' )
		 ... on : /home/xs252061/try-job.com/public_html/care.try-job.com/include/extends/Exception/ConceptBase.php 31
↑
ConceptBase::OrThrow( 'RecordNotFound' )
		 ... on : /home/xs252061/try-job.com/public_html/care.try-job.com/include/base/SystemBase.php 1952
↑
SystemBase::setPageRecord( SQLDatabase , '' )
		 ... on : /home/xs252061/try-job.com/public_html/care.try-job.com/include/mvc/info/model.php 64
↑
AppInfoModel::__construct(  )
		 ... on : /home/xs252061/try-job.com/public_html/care.try-job.com/custom/mvc/mid/info/model.php 56
↑
AppmidInfoModel::__construct(  )
		 ... on : /home/xs252061/try-job.com/public_html/care.try-job.com/include/mvc/base/controller.php 32
↑
AppBaseController::__construct(  )
		 ... on : /home/xs252061/try-job.com/public_html/care.try-job.com/include/mvc/info/controller.php 44
↑
AppInfoController::__construct(  )
		 ... on : /home/xs252061/try-job.com/public_html/care.try-job.com/custom/mvc/mid/info/controller.php 46
↑
AppmidInfoController::__construct(  )
		 ... on : /home/xs252061/try-job.com/public_html/care.try-job.com/include/mvc/mvc.php 32
↑
MVC::Call( 'info' , 'mid' )
		 ... on : /home/xs252061/try-job.com/public_html/care.try-job.com/index.php 13

----------

▼リクエスト内容

----------

User IP                    ... 122.161.50.161
User Agent                 ... Mozilla/5.0 (Windows NT 10.0; Win64; x64) AppleWebKit/537.36 (KHTML, like Gecko) Chrome/126.0.0.0 Safari/537.36
Request URI                ... /index.php?app_controller=info&type=mid&id=J0000600%27
Working Directory(init)    ... /home/xs252061/try-job.com/public_html/care.try-job.com
Working Directory(current) ... /home/xs252061/try-job.com/public_html/care.try-job.com

----------

GET     ... a:3:{s:14:"app_controller";s:4:"info";s:4:"type";s:3:"mid";s:2:"id";s:9:"J0000600'";}
POST    ... a:0:{}
SESSION ... a:1:{s:3:"jc2";s:3:"mid";}
COOKIE  ... a:0:{}

-----------------------------------------------------

▼ 11時51分52秒 のエラーメッセージ

----------

error : 引数 $iTableName は無効です [mid']
on    : /home/xs252061/try-job.com/public_html/care.try-job.com/include/mvc/mvc.php 27
trace : 
[error point]
↑
MVC::Call( 'info' , 'mid'' )
		 ... on : /home/xs252061/try-job.com/public_html/care.try-job.com/index.php 13

----------

▼リクエスト内容

----------

User IP                    ... 46.250.249.189
User Agent                 ... Mozilla/5.0 (Windows NT 10.0; Win64; x64) AppleWebKit/537.36 (KHTML, like Gecko) Chrome/126.0.0.0 Safari/537.36
Request URI                ... /index.php?app_controller=info&type=mid%27&id=J0013155
Working Directory(init)    ... /home/xs252061/try-job.com/public_html/care.try-job.com
Working Directory(current) ... /home/xs252061/try-job.com/public_html/care.try-job.com

----------

GET     ... a:3:{s:14:"app_controller";s:4:"info";s:4:"type";s:4:"mid'";s:2:"id";s:8:"J0013155";}
POST    ... a:0:{}
SESSION ... a:1:{s:3:"jc2";s:3:"mid";}
COOKIE  ... a:0:{}

-----------------------------------------------------

▼ 11時51分52秒 のエラーメッセージ

----------

error : 対象となるレコードがありません。[array(0)]
on    : /home/xs252061/try-job.com/public_html/care.try-job.com/include/extends/Exception/ConceptBase.php 182
trace : 
[error point]
↑
ConceptBase::CreateExceptionObject( 'RecordNotFoundException' , '対象となるレコードがありません。[array(0)]' )
		 ... on : /home/xs252061/try-job.com/public_html/care.try-job.com/include/extends/Exception/ConceptBase.php 31
↑
ConceptBase::OrThrow( 'RecordNotFound' )
		 ... on : /home/xs252061/try-job.com/public_html/care.try-job.com/include/base/SystemBase.php 1952
↑
SystemBase::setPageRecord( SQLDatabase , '' )
		 ... on : /home/xs252061/try-job.com/public_html/care.try-job.com/include/mvc/info/model.php 64
↑
AppInfoModel::__construct(  )
		 ... on : /home/xs252061/try-job.com/public_html/care.try-job.com/custom/mvc/mid/info/model.php 56
↑
AppmidInfoModel::__construct(  )
		 ... on : /home/xs252061/try-job.com/public_html/care.try-job.com/include/mvc/base/controller.php 32
↑
AppBaseController::__construct(  )
		 ... on : /home/xs252061/try-job.com/public_html/care.try-job.com/include/mvc/info/controller.php 44
↑
AppInfoController::__construct(  )
		 ... on : /home/xs252061/try-job.com/public_html/care.try-job.com/custom/mvc/mid/info/controller.php 46
↑
AppmidInfoController::__construct(  )
		 ... on : /home/xs252061/try-job.com/public_html/care.try-job.com/include/mvc/mvc.php 32
↑
MVC::Call( 'info' , 'mid' )
		 ... on : /home/xs252061/try-job.com/public_html/care.try-job.com/index.php 13

----------

▼リクエスト内容

----------

User IP                    ... 46.250.249.189
User Agent                 ... Mozilla/5.0 (Windows NT 10.0; Win64; x64) AppleWebKit/537.36 (KHTML, like Gecko) Chrome/126.0.0.0 Safari/537.36
Request URI                ... /index.php?app_controller=info&type=mid&id=J0013155%27
Working Directory(init)    ... /home/xs252061/try-job.com/public_html/care.try-job.com
Working Directory(current) ... /home/xs252061/try-job.com/public_html/care.try-job.com

----------

GET     ... a:3:{s:14:"app_controller";s:4:"info";s:4:"type";s:3:"mid";s:2:"id";s:9:"J0013155'";}
POST    ... a:0:{}
SESSION ... a:1:{s:3:"jc2";s:3:"mid";}
COOKIE  ... a:0:{}

-----------------------------------------------------

