▼ 21時57分40秒 のエラーメッセージ

----------

error : DBが定義されていません。->system
on    : /home/xs252061/try-job.com/public_html/care.try-job.com/include/GUIManager.php 86
trace : 
[error point]
↑
GUIManager::__construct( 'xs252061_tryjobcare' , 'system' )
		 ... on : /home/xs252061/try-job.com/public_html/care.try-job.com/include/base/Util.php 474
↑
SystemUtilBase::getGMforType( 'system' )
		 ... on : /home/xs252061/try-job.com/public_html/care.try-job.com/include/GMList.php 28
↑
GMList::getGM( 'system' )
		 ... on : /home/xs252061/try-job.com/public_html/care.try-job.com/include/base/Util.php 33
↑
SystemUtilBase::getTableData( 'system' , 'ADMIN' , 'gmap_key' )
		 ... on : /home/xs252061/try-job.com/public_html/care.try-job.com/include/base/Util.php 69
↑
SystemUtilBase::getSystemData( 'gmap_key' )
		 ... on : /home/xs252061/try-job.com/public_html/care.try-job.com/module/gmap/meta.inc 11
↑
include_once( '/home/xs252061/try-job.com/public_html/care.try-job.com/module/gmap/meta.inc' )
		 ... on : /home/xs252061/try-job.com/public_html/care.try-job.com/custom/extends/moduleConf.php 9
↑
include_once( '/home/xs252061/try-job.com/public_html/care.try-job.com/custom/extends/moduleConf.php' )
		 ... on : /home/xs252061/try-job.com/public_html/care.try-job.com/module/module.inc 7
↑
include_once( '/home/xs252061/try-job.com/public_html/care.try-job.com/module/module.inc' )
		 ... on : /home/xs252061/try-job.com/public_html/care.try-job.com/custom/head_main.php 107
↑
include_once( '/home/xs252061/try-job.com/public_html/care.try-job.com/custom/head_main.php' )
		 ... on : /home/xs252061/try-job.com/public_html/care.try-job.com/index.php 11

----------

▼リクエスト内容

----------

User IP                    ... 150.147.201.27
User Agent                 ... Mozilla/5.0 (iPhone; CPU iPhone OS 17_0 like Mac OS X) AppleWebKit/605.1.15 (KHTML, like Gecko) Version/17.0 Mobile/15E148 Safari/604.1
Request URI                ... /
Working Directory(init)    ... /home/xs252061/try-job.com/public_html/care.try-job.com
Working Directory(current) ... /home/xs252061/try-job.com/public_html/care.try-job.com

----------

GET     ... a:0:{}
POST    ... a:0:{}
SESSION ... a:7:{s:3:"jc2";s:3:"mid";s:0:"";s:32:"95420d1d5f943172ebee270db0d26966";s:18:"search_query_index";s:1:"3";s:17:"search_query_hash";a:3:{s:40:"0d66e76007870e9b1ff9a8fb1f7498400174955b";s:1:"0";s:40:"0d82c89ab632b0599c4685c592d43f8629dd6d32";s:1:"1";s:40:"a48fa8e72c5867e9f9e09caf423619896de7a5ab";s:1:"2";}s:12:"search_query";a:3:{i:0;a:6:{s:4:"type";s:7:"article";s:3:"run";s:4:"true";s:4:"mode";s:3:"top";s:7:"embedID";s:14:"article_simple";s:3:"num";s:1:"6";s:1:"q";s:1:"0";}i:1;a:7:{s:4:"type";s:7:"article";s:3:"run";s:4:"true";s:4:"mode";s:3:"top";s:7:"embedID";s:14:"article_simple";s:3:"num";s:1:"3";s:8:"category";s:10:"7aa03c3c18";s:1:"q";s:1:"1";}i:2;a:6:{s:4:"type";s:7:"article";s:3:"run";s:4:"true";s:4:"mode";s:3:"top";s:7:"embedID";s:14:"article_simple";s:3:"num";s:1:"3";s:1:"q";s:1:"2";}}s:15:"firstToolAccess";s:1:"1";s:16:"loginedAdminTool";s:1:"1";}
COOKIE  ... a:1:{s:9:"PHPSESSID";s:32:"b6d6b0fa978fbe906f059973dd08c73d";}

-----------------------------------------------------

▼ 21時57分40秒 のエラーメッセージ

----------

[shutdown log] Uncaught InternalErrorException: DBが定義されていません。->template in /home/xs252061/try-job.com/public_html/care.try-job.com/include/GUIManager.php:86
Stack trace:
#0 /home/xs252061/try-job.com/public_html/care.try-job.com/include/base/Util.php(474): GUIManager->__construct('xs252061_tryjob...', 'template')
#1 /home/xs252061/try-job.com/public_html/care.try-job.com/include/Template.php(33): SystemUtilBase::getGMforType('template')
#2 /home/xs252061/try-job.com/public_html/care.try-job.com/include/Template.php(83): Template::getTemplate(NULL, NULL, '', 'HEAD_DESIGN', NULL)
#3 /home/xs252061/try-job.com/public_html/care.try-job.com/include/base/SystemBase.php(2022): Template::getTemplateString(NULL, NULL, NULL, NULL, '', 'HEAD_DESIGN')
#4 /home/xs252061/try-job.com/public_html/care.try-job.com/include/extends/Exception/ExceptionManager.php(97): SystemBase::getHead(NULL, NULL, NULL)
#5 /home/xs252061/try-job.com/public_html/care.try-job.com/include/extends/Exception/ExceptionManager.php(32): ExceptionManager::DrawErrorPage('InternalErrorEx...')
#6 /home/xs252061/try-job.com/public_html/care.try-job.com/include/extends/Exception/ExceptionManager.php(129): ExceptionManager->ExceptionHandler(Object(InternalErrorException))
#7 /home/xs252061/try-job.com/public_html/care.try-job.com/include/extends/Exception/ErrorLog.php(49): ExceptionManager_ExceptionHandler(Object(InternalErrorException))
#8 [internal function]: ErrorLog::HandlingException(Object(InternalErrorException))
#9 {main}
  thrown

----------

▼リクエスト内容

----------

User IP                    ... 150.147.201.27
User Agent                 ... Mozilla/5.0 (iPhone; CPU iPhone OS 17_0 like Mac OS X) AppleWebKit/605.1.15 (KHTML, like Gecko) Version/17.0 Mobile/15E148 Safari/604.1
Request URI                ... /
Working Directory(init)    ... /home/xs252061/try-job.com/public_html/care.try-job.com
Working Directory(current) ... /

----------

GET     ... a:0:{}
POST    ... a:0:{}
SESSION ... a:7:{s:3:"jc2";s:3:"mid";s:0:"";s:32:"95420d1d5f943172ebee270db0d26966";s:18:"search_query_index";s:1:"3";s:17:"search_query_hash";a:3:{s:40:"0d66e76007870e9b1ff9a8fb1f7498400174955b";s:1:"0";s:40:"0d82c89ab632b0599c4685c592d43f8629dd6d32";s:1:"1";s:40:"a48fa8e72c5867e9f9e09caf423619896de7a5ab";s:1:"2";}s:12:"search_query";a:3:{i:0;a:6:{s:4:"type";s:7:"article";s:3:"run";s:4:"true";s:4:"mode";s:3:"top";s:7:"embedID";s:14:"article_simple";s:3:"num";s:1:"6";s:1:"q";s:1:"0";}i:1;a:7:{s:4:"type";s:7:"article";s:3:"run";s:4:"true";s:4:"mode";s:3:"top";s:7:"embedID";s:14:"article_simple";s:3:"num";s:1:"3";s:8:"category";s:10:"7aa03c3c18";s:1:"q";s:1:"1";}i:2;a:6:{s:4:"type";s:7:"article";s:3:"run";s:4:"true";s:4:"mode";s:3:"top";s:7:"embedID";s:14:"article_simple";s:3:"num";s:1:"3";s:1:"q";s:1:"2";}}s:15:"firstToolAccess";s:1:"1";s:16:"loginedAdminTool";s:1:"1";}
COOKIE  ... a:1:{s:9:"PHPSESSID";s:32:"b6d6b0fa978fbe906f059973dd08c73d";}

-----------------------------------------------------

